2026.05.10 00:47:07.799 Node log from the data server with id 'zi_server':
2026.05.10 00:47:07.800   get /dev8001/raw/system/awg/runtimechecks/enable -
2026.05.10 00:47:07.800   get /dev12001/raw/system/awg/runtimechecks/enable -
2026.05.10 00:47:07.800   get /dev8001/raw/system/awg/runtimechecks/enable -
2026.05.10 00:47:07.800   get /dev12001/raw/system/awg/runtimechecks/enable -
2026.05.10 00:47:07.800   get /dev10001/system/clocks/referenceclock/in/freq -
2026.05.10 00:47:07.800   get /dev10001/system/clocks/referenceclock/in/sourceactual -
2026.05.10 00:47:07.800   get /dev10001/system/clocks/referenceclock/in/source -
2026.05.10 00:47:07.801   get /dev10001/system/clocks/referenceclock/in/status -
2026.05.10 00:47:07.801   get /dev10001/system/clocks/referenceclock/in/freq -
2026.05.10 00:47:07.801   get /dev10001/system/clocks/referenceclock/in/sourceactual -
2026.05.10 00:47:07.801   get /dev10001/system/clocks/referenceclock/in/source -
2026.05.10 00:47:07.801   get /dev10001/system/clocks/referenceclock/in/status -
2026.05.10 00:47:07.801   get /dev8001/system/clocks/referenceclock/freq -
2026.05.10 00:47:07.801   get /dev8001/system/clocks/referenceclock/source -
2026.05.10 00:47:07.801   get /dev8001/system/clocks/referenceclock/status -
2026.05.10 00:47:07.802   get /dev12001/system/clocks/referenceclock/in/freq -
2026.05.10 00:47:07.802   get /dev12001/system/clocks/referenceclock/in/sourceactual -
2026.05.10 00:47:07.802   get /dev12001/system/clocks/referenceclock/in/source -
2026.05.10 00:47:07.802   get /dev12001/system/clocks/referenceclock/in/status -
2026.05.10 00:47:07.802   set /dev8001/system/clocks/referenceclock/source 2
2026.05.10 00:47:07.802   set /dev12001/system/clocks/referenceclock/in/source 2
2026.05.10 00:47:07.802   get /dev8001/system/clocks/referenceclock/freq -
2026.05.10 00:47:07.803   get /dev8001/system/clocks/referenceclock/source -
2026.05.10 00:47:07.803   get /dev8001/system/clocks/referenceclock/status -
2026.05.10 00:47:07.803   get /dev12001/system/clocks/referenceclock/in/freq -
2026.05.10 00:47:07.803   get /dev12001/system/clocks/referenceclock/in/sourceactual -
2026.05.10 00:47:07.803   get /dev12001/system/clocks/referenceclock/in/source -
2026.05.10 00:47:07.803   get /dev12001/system/clocks/referenceclock/in/status -
2026.05.10 00:47:07.803   get /dev8001/system/clocks/sampleclock/freq -
2026.05.10 00:47:07.804   get /dev8001/system/clocks/sampleclock/status -
2026.05.10 00:47:07.804   set /dev8001/sigouts/0/on 0
2026.05.10 00:47:07.804   set /dev8001/sigouts/1/on 0
2026.05.10 00:47:07.804   set /dev8001/sigouts/2/on 0
2026.05.10 00:47:07.804   set /dev8001/sigouts/3/on 0
2026.05.10 00:47:07.804   set /dev8001/sigouts/4/on 0
2026.05.10 00:47:07.804   set /dev8001/sigouts/5/on 0
2026.05.10 00:47:07.804   set /dev8001/sigouts/6/on 0
2026.05.10 00:47:07.804   set /dev8001/sigouts/7/on 0
2026.05.10 00:47:07.805   set /dev8001/system/clocks/sampleclock/freq 2000000000.0
2026.05.10 00:47:07.805   get /dev8001/system/clocks/sampleclock/freq -
2026.05.10 00:47:07.805   get /dev8001/system/clocks/sampleclock/status -
2026.05.10 00:47:07.805   get /dev8001/sigouts/0/on -
2026.05.10 00:47:07.805   get /dev8001/sigouts/0/offset -
2026.05.10 00:47:07.805   set /dev8001/sigouts/0/on 1
2026.05.10 00:47:07.805   set /dev8001/sigouts/0/offset 0.0
2026.05.10 00:47:07.805   get /dev8001/sigouts/0/on -
2026.05.10 00:47:07.806   get /dev8001/sigouts/0/offset -
2026.05.10 00:47:07.806   get /dev10001/zsyncs/0/connection/status -
2026.05.10 00:47:07.806   get /dev10001/zsyncs/1/connection/status -
2026.05.10 00:47:07.806   get /dev10001/zsyncs/2/connection/status -
2026.05.10 00:47:07.806   get /dev10001/zsyncs/3/connection/status -
2026.05.10 00:47:07.806   get /dev10001/zsyncs/4/connection/status -
2026.05.10 00:47:07.806   get /dev10001/zsyncs/5/connection/status -
2026.05.10 00:47:07.806   get /dev10001/zsyncs/6/connection/status -
2026.05.10 00:47:07.807   get /dev10001/zsyncs/7/connection/status -
2026.05.10 00:47:07.807   get /dev10001/zsyncs/8/connection/status -
2026.05.10 00:47:07.807   get /dev10001/zsyncs/9/connection/status -
2026.05.10 00:47:07.807   get /dev10001/zsyncs/10/connection/status -
2026.05.10 00:47:07.807   get /dev10001/zsyncs/11/connection/status -
2026.05.10 00:47:07.807   get /dev10001/zsyncs/12/connection/status -
2026.05.10 00:47:07.807   get /dev10001/zsyncs/13/connection/status -
2026.05.10 00:47:07.807   get /dev10001/zsyncs/14/connection/status -
2026.05.10 00:47:07.808   get /dev10001/zsyncs/15/connection/status -
2026.05.10 00:47:07.808   get /dev10001/zsyncs/16/connection/status -
2026.05.10 00:47:07.808   get /dev10001/zsyncs/17/connection/status -
2026.05.10 00:47:07.808   get /dev10001/zsyncs/0/connection/serial -
2026.05.10 00:47:07.808   get /dev10001/zsyncs/1/connection/serial -
2026.05.10 00:47:07.808   get /dev10001/zsyncs/2/connection/serial -
2026.05.10 00:47:07.808   get /dev10001/zsyncs/3/connection/serial -
2026.05.10 00:47:07.808   get /dev10001/zsyncs/4/connection/serial -
2026.05.10 00:47:07.809   get /dev10001/zsyncs/5/connection/serial -
2026.05.10 00:47:07.809   get /dev10001/zsyncs/6/connection/serial -
2026.05.10 00:47:07.809   get /dev10001/zsyncs/7/connection/serial -
2026.05.10 00:47:07.809   get /dev10001/zsyncs/8/connection/serial -
2026.05.10 00:47:07.809   get /dev10001/zsyncs/9/connection/serial -
2026.05.10 00:47:07.809   get /dev10001/zsyncs/10/connection/serial -
2026.05.10 00:47:07.809   get /dev10001/zsyncs/11/connection/serial -
2026.05.10 00:47:07.809   get /dev10001/zsyncs/12/connection/serial -
2026.05.10 00:47:07.809   get /dev10001/zsyncs/13/connection/serial -
2026.05.10 00:47:07.810   get /dev10001/zsyncs/14/connection/serial -
2026.05.10 00:47:07.810   get /dev10001/zsyncs/15/connection/serial -
2026.05.10 00:47:07.810   get /dev10001/zsyncs/16/connection/serial -
2026.05.10 00:47:07.810   get /dev10001/zsyncs/17/connection/serial -
2026.05.10 00:47:07.817 Node log from the data server with id 'zi_server':
2026.05.10 00:47:07.817   set /dev8001/awgs/*/pipeliner/reset 1
2026.05.10 00:47:07.817   set /dev8001/awgs/*/pipeliner/mode 0
2026.05.10 00:47:07.817   set /dev8001/awgs/*/synchronization/enable 0
2026.05.10 00:47:07.817   set /dev12001/qachannels/*/pipeliner/reset 1
2026.05.10 00:47:07.817   set /dev12001/qachannels/*/pipeliner/mode 0
2026.05.10 00:47:07.818   set /dev12001/qachannels/*/synchronization/enable 0
2026.05.10 00:47:07.818   set /dev12001/sgchannels/*/pipeliner/reset 1
2026.05.10 00:47:07.818   set /dev12001/sgchannels/*/pipeliner/mode 0
2026.05.10 00:47:07.818   set /dev12001/sgchannels/*/synchronization/enable 0
2026.05.10 00:47:07.818   set /dev10001/execution/synchronization/enable 0
2026.05.10 00:47:07.818   set /dev8001/awgs/*/enable 0
2026.05.10 00:47:07.818   set /dev8001/system/synchronization/source 0
2026.05.10 00:47:07.818   set /dev12001/qachannels/*/generator/enable 0
2026.05.10 00:47:07.818   set /dev12001/system/synchronization/source 0
2026.05.10 00:47:07.819   set /dev12001/system/internaltrigger/synchronization/enable 0
2026.05.10 00:47:07.819   set /dev12001/qachannels/*/readout/result/enable 0
2026.05.10 00:47:07.819   set /dev12001/qachannels/*/spectroscopy/psd/enable 0
2026.05.10 00:47:07.819   set /dev12001/qachannels/*/spectroscopy/result/enable 0
2026.05.10 00:47:07.819   set /dev12001/qachannels/*/output/rflfinterlock 1
2026.05.10 00:47:07.819   set /dev12001/qachannels/*/oscs/*/gain 1.0
2026.05.10 00:47:07.819   set /dev12001/scopes/0/enable 0
2026.05.10 00:47:07.819   set /dev12001/scopes/0/channels/*/enable 0
2026.05.10 00:47:07.819   set /dev12001/sgchannels/*/awg/enable 0
2026.05.10 01:20:52.577 Node log from the data server with id 'zi_server':
2026.05.10 01:20:52.577   get /dev8001/raw/system/awg/runtimechecks/enable -
2026.05.10 01:20:52.578   get /dev12001/raw/system/awg/runtimechecks/enable -
2026.05.10 01:20:52.578   get /dev8001/raw/system/awg/runtimechecks/enable -
2026.05.10 01:20:52.578   get /dev12001/raw/system/awg/runtimechecks/enable -
2026.05.10 01:20:52.578   get /dev10001/system/clocks/referenceclock/in/freq -
2026.05.10 01:20:52.578   get /dev10001/system/clocks/referenceclock/in/sourceactual -
2026.05.10 01:20:52.578   get /dev10001/system/clocks/referenceclock/in/source -
2026.05.10 01:20:52.579   get /dev10001/system/clocks/referenceclock/in/status -
2026.05.10 01:20:52.579   get /dev10001/system/clocks/referenceclock/in/freq -
2026.05.10 01:20:52.579   get /dev10001/system/clocks/referenceclock/in/sourceactual -
2026.05.10 01:20:52.579   get /dev10001/system/clocks/referenceclock/in/source -
2026.05.10 01:20:52.579   get /dev10001/system/clocks/referenceclock/in/status -
2026.05.10 01:20:52.580   get /dev8001/system/clocks/referenceclock/freq -
2026.05.10 01:20:52.580   get /dev8001/system/clocks/referenceclock/source -
2026.05.10 01:20:52.580   get /dev8001/system/clocks/referenceclock/status -
2026.05.10 01:20:52.580   get /dev12001/system/clocks/referenceclock/in/freq -
2026.05.10 01:20:52.580   get /dev12001/system/clocks/referenceclock/in/sourceactual -
2026.05.10 01:20:52.580   get /dev12001/system/clocks/referenceclock/in/source -
2026.05.10 01:20:52.581   get /dev12001/system/clocks/referenceclock/in/status -
2026.05.10 01:20:52.581   set /dev8001/system/clocks/referenceclock/source 2
2026.05.10 01:20:52.581   set /dev12001/system/clocks/referenceclock/in/source 2
2026.05.10 01:20:52.581   get /dev8001/system/clocks/referenceclock/freq -
2026.05.10 01:20:52.581   get /dev8001/system/clocks/referenceclock/source -
2026.05.10 01:20:52.582   get /dev8001/system/clocks/referenceclock/status -
2026.05.10 01:20:52.582   get /dev12001/system/clocks/referenceclock/in/freq -
2026.05.10 01:20:52.582   get /dev12001/system/clocks/referenceclock/in/sourceactual -
2026.05.10 01:20:52.582   get /dev12001/system/clocks/referenceclock/in/source -
2026.05.10 01:20:52.582   get /dev12001/system/clocks/referenceclock/in/status -
2026.05.10 01:20:52.582   get /dev8001/system/clocks/sampleclock/freq -
2026.05.10 01:20:52.582   get /dev8001/system/clocks/sampleclock/status -
2026.05.10 01:20:52.582   set /dev8001/sigouts/0/on 0
2026.05.10 01:20:52.583   set /dev8001/sigouts/1/on 0
2026.05.10 01:20:52.583   set /dev8001/sigouts/2/on 0
2026.05.10 01:20:52.583   set /dev8001/sigouts/3/on 0
2026.05.10 01:20:52.583   set /dev8001/sigouts/4/on 0
2026.05.10 01:20:52.583   set /dev8001/sigouts/5/on 0
2026.05.10 01:20:52.583   set /dev8001/sigouts/6/on 0
2026.05.10 01:20:52.583   set /dev8001/sigouts/7/on 0
2026.05.10 01:20:52.583   set /dev8001/system/clocks/sampleclock/freq 2000000000.0
2026.05.10 01:20:52.584   get /dev8001/system/clocks/sampleclock/freq -
2026.05.10 01:20:52.584   get /dev8001/system/clocks/sampleclock/status -
2026.05.10 01:20:52.584   get /dev8001/sigouts/0/on -
2026.05.10 01:20:52.584   get /dev8001/sigouts/0/offset -
2026.05.10 01:20:52.584   set /dev8001/sigouts/0/on 1
2026.05.10 01:20:52.584   set /dev8001/sigouts/0/offset 0.0
2026.05.10 01:20:52.584   get /dev8001/sigouts/0/on -
2026.05.10 01:20:52.584   get /dev8001/sigouts/0/offset -
2026.05.10 01:20:52.585   get /dev10001/zsyncs/0/connection/status -
2026.05.10 01:20:52.585   get /dev10001/zsyncs/1/connection/status -
2026.05.10 01:20:52.585   get /dev10001/zsyncs/2/connection/status -
2026.05.10 01:20:52.585   get /dev10001/zsyncs/3/connection/status -
2026.05.10 01:20:52.585   get /dev10001/zsyncs/4/connection/status -
2026.05.10 01:20:52.585   get /dev10001/zsyncs/5/connection/status -
2026.05.10 01:20:52.585   get /dev10001/zsyncs/6/connection/status -
2026.05.10 01:20:52.585   get /dev10001/zsyncs/7/connection/status -
2026.05.10 01:20:52.585   get /dev10001/zsyncs/8/connection/status -
2026.05.10 01:20:52.586   get /dev10001/zsyncs/9/connection/status -
2026.05.10 01:20:52.586   get /dev10001/zsyncs/10/connection/status -
2026.05.10 01:20:52.586   get /dev10001/zsyncs/11/connection/status -
2026.05.10 01:20:52.586   get /dev10001/zsyncs/12/connection/status -
2026.05.10 01:20:52.586   get /dev10001/zsyncs/13/connection/status -
2026.05.10 01:20:52.586   get /dev10001/zsyncs/14/connection/status -
2026.05.10 01:20:52.586   get /dev10001/zsyncs/15/connection/status -
2026.05.10 01:20:52.586   get /dev10001/zsyncs/16/connection/status -
2026.05.10 01:20:52.587   get /dev10001/zsyncs/17/connection/status -
2026.05.10 01:20:52.587   get /dev10001/zsyncs/0/connection/serial -
2026.05.10 01:20:52.587   get /dev10001/zsyncs/1/connection/serial -
2026.05.10 01:20:52.587   get /dev10001/zsyncs/2/connection/serial -
2026.05.10 01:20:52.587   get /dev10001/zsyncs/3/connection/serial -
2026.05.10 01:20:52.587   get /dev10001/zsyncs/4/connection/serial -
2026.05.10 01:20:52.587   get /dev10001/zsyncs/5/connection/serial -
2026.05.10 01:20:52.587   get /dev10001/zsyncs/6/connection/serial -
2026.05.10 01:20:52.588   get /dev10001/zsyncs/7/connection/serial -
2026.05.10 01:20:52.588   get /dev10001/zsyncs/8/connection/serial -
2026.05.10 01:20:52.588   get /dev10001/zsyncs/9/connection/serial -
2026.05.10 01:20:52.588   get /dev10001/zsyncs/10/connection/serial -
2026.05.10 01:20:52.588   get /dev10001/zsyncs/11/connection/serial -
2026.05.10 01:20:52.588   get /dev10001/zsyncs/12/connection/serial -
2026.05.10 01:20:52.588   get /dev10001/zsyncs/13/connection/serial -
2026.05.10 01:20:52.588   get /dev10001/zsyncs/14/connection/serial -
2026.05.10 01:20:52.588   get /dev10001/zsyncs/15/connection/serial -
2026.05.10 01:20:52.589   get /dev10001/zsyncs/16/connection/serial -
2026.05.10 01:20:52.589   get /dev10001/zsyncs/17/connection/serial -
2026.05.10 01:20:52.596 Node log from the data server with id 'zi_server':
2026.05.10 01:20:52.596   set /dev8001/awgs/*/pipeliner/reset 1
2026.05.10 01:20:52.596   set /dev8001/awgs/*/pipeliner/mode 0
2026.05.10 01:20:52.596   set /dev8001/awgs/*/synchronization/enable 0
2026.05.10 01:20:52.596   set /dev12001/qachannels/*/pipeliner/reset 1
2026.05.10 01:20:52.596   set /dev12001/qachannels/*/pipeliner/mode 0
2026.05.10 01:20:52.596   set /dev12001/qachannels/*/synchronization/enable 0
2026.05.10 01:20:52.596   set /dev12001/sgchannels/*/pipeliner/reset 1
2026.05.10 01:20:52.597   set /dev12001/sgchannels/*/pipeliner/mode 0
2026.05.10 01:20:52.597   set /dev12001/sgchannels/*/synchronization/enable 0
2026.05.10 01:20:52.597   set /dev10001/execution/synchronization/enable 0
2026.05.10 01:20:52.597   set /dev8001/awgs/*/enable 0
2026.05.10 01:20:52.597   set /dev8001/system/synchronization/source 0
2026.05.10 01:20:52.597   set /dev12001/qachannels/*/generator/enable 0
2026.05.10 01:20:52.597   set /dev12001/system/synchronization/source 0
2026.05.10 01:20:52.597   set /dev12001/system/internaltrigger/synchronization/enable 0
2026.05.10 01:20:52.597   set /dev12001/qachannels/*/readout/result/enable 0
2026.05.10 01:20:52.598   set /dev12001/qachannels/*/spectroscopy/psd/enable 0
2026.05.10 01:20:52.598   set /dev12001/qachannels/*/spectroscopy/result/enable 0
2026.05.10 01:20:52.598   set /dev12001/qachannels/*/output/rflfinterlock 1
2026.05.10 01:20:52.598   set /dev12001/qachannels/*/oscs/*/gain 1.0
2026.05.10 01:20:52.598   set /dev12001/scopes/0/enable 0
2026.05.10 01:20:52.598   set /dev12001/scopes/0/channels/*/enable 0
2026.05.10 01:20:52.598   set /dev12001/sgchannels/*/awg/enable 0
2026.05.10 01:49:50.076 Node log from the data server with id 'zi_server':
2026.05.10 01:49:50.076   get /dev8001/raw/system/awg/runtimechecks/enable -
2026.05.10 01:49:50.076   get /dev12001/raw/system/awg/runtimechecks/enable -
2026.05.10 01:49:50.077   get /dev8001/raw/system/awg/runtimechecks/enable -
2026.05.10 01:49:50.077   get /dev12001/raw/system/awg/runtimechecks/enable -
2026.05.10 01:49:50.077   get /dev10001/system/clocks/referenceclock/in/freq -
2026.05.10 01:49:50.077   get /dev10001/system/clocks/referenceclock/in/sourceactual -
2026.05.10 01:49:50.077   get /dev10001/system/clocks/referenceclock/in/source -
2026.05.10 01:49:50.077   get /dev10001/system/clocks/referenceclock/in/status -
2026.05.10 01:49:50.077   get /dev10001/system/clocks/referenceclock/in/freq -
2026.05.10 01:49:50.078   get /dev10001/system/clocks/referenceclock/in/sourceactual -
2026.05.10 01:49:50.078   get /dev10001/system/clocks/referenceclock/in/source -
2026.05.10 01:49:50.078   get /dev10001/system/clocks/referenceclock/in/status -
2026.05.10 01:49:50.078   get /dev8001/system/clocks/referenceclock/freq -
2026.05.10 01:49:50.078   get /dev8001/system/clocks/referenceclock/source -
2026.05.10 01:49:50.078   get /dev8001/system/clocks/referenceclock/status -
2026.05.10 01:49:50.078   get /dev12001/system/clocks/referenceclock/in/freq -
2026.05.10 01:49:50.078   get /dev12001/system/clocks/referenceclock/in/sourceactual -
2026.05.10 01:49:50.078   get /dev12001/system/clocks/referenceclock/in/source -
2026.05.10 01:49:50.079   get /dev12001/system/clocks/referenceclock/in/status -
2026.05.10 01:49:50.079   set /dev8001/system/clocks/referenceclock/source 2
2026.05.10 01:49:50.079   set /dev12001/system/clocks/referenceclock/in/source 2
2026.05.10 01:49:50.079   get /dev8001/system/clocks/referenceclock/freq -
2026.05.10 01:49:50.079   get /dev8001/system/clocks/referenceclock/source -
2026.05.10 01:49:50.079   get /dev8001/system/clocks/referenceclock/status -
2026.05.10 01:49:50.079   get /dev12001/system/clocks/referenceclock/in/freq -
2026.05.10 01:49:50.080   get /dev12001/system/clocks/referenceclock/in/sourceactual -
2026.05.10 01:49:50.080   get /dev12001/system/clocks/referenceclock/in/source -
2026.05.10 01:49:50.080   get /dev12001/system/clocks/referenceclock/in/status -
2026.05.10 01:49:50.080   get /dev8001/system/clocks/sampleclock/freq -
2026.05.10 01:49:50.080   get /dev8001/system/clocks/sampleclock/status -
2026.05.10 01:49:50.080   set /dev8001/sigouts/0/on 0
2026.05.10 01:49:50.080   set /dev8001/sigouts/1/on 0
2026.05.10 01:49:50.080   set /dev8001/sigouts/2/on 0
2026.05.10 01:49:50.080   set /dev8001/sigouts/3/on 0
2026.05.10 01:49:50.081   set /dev8001/sigouts/4/on 0
2026.05.10 01:49:50.081   set /dev8001/sigouts/5/on 0
2026.05.10 01:49:50.081   set /dev8001/sigouts/6/on 0
2026.05.10 01:49:50.081   set /dev8001/sigouts/7/on 0
2026.05.10 01:49:50.081   set /dev8001/system/clocks/sampleclock/freq 2000000000.0
2026.05.10 01:49:50.081   get /dev8001/system/clocks/sampleclock/freq -
2026.05.10 01:49:50.081   get /dev8001/system/clocks/sampleclock/status -
2026.05.10 01:49:50.081   get /dev8001/sigouts/0/on -
2026.05.10 01:49:50.081   get /dev8001/sigouts/0/offset -
2026.05.10 01:49:50.081   set /dev8001/sigouts/0/on 1
2026.05.10 01:49:50.082   set /dev8001/sigouts/0/offset 0.0
2026.05.10 01:49:50.082   get /dev8001/sigouts/0/on -
2026.05.10 01:49:50.082   get /dev8001/sigouts/0/offset -
2026.05.10 01:49:50.082   get /dev10001/zsyncs/0/connection/status -
2026.05.10 01:49:50.082   get /dev10001/zsyncs/1/connection/status -
2026.05.10 01:49:50.082   get /dev10001/zsyncs/2/connection/status -
2026.05.10 01:49:50.082   get /dev10001/zsyncs/3/connection/status -
2026.05.10 01:49:50.082   get /dev10001/zsyncs/4/connection/status -
2026.05.10 01:49:50.082   get /dev10001/zsyncs/5/connection/status -
2026.05.10 01:49:50.083   get /dev10001/zsyncs/6/connection/status -
2026.05.10 01:49:50.083   get /dev10001/zsyncs/7/connection/status -
2026.05.10 01:49:50.083   get /dev10001/zsyncs/8/connection/status -
2026.05.10 01:49:50.083   get /dev10001/zsyncs/9/connection/status -
2026.05.10 01:49:50.083   get /dev10001/zsyncs/10/connection/status -
2026.05.10 01:49:50.083   get /dev10001/zsyncs/11/connection/status -
2026.05.10 01:49:50.083   get /dev10001/zsyncs/12/connection/status -
2026.05.10 01:49:50.083   get /dev10001/zsyncs/13/connection/status -
2026.05.10 01:49:50.083   get /dev10001/zsyncs/14/connection/status -
2026.05.10 01:49:50.084   get /dev10001/zsyncs/15/connection/status -
2026.05.10 01:49:50.084   get /dev10001/zsyncs/16/connection/status -
2026.05.10 01:49:50.084   get /dev10001/zsyncs/17/connection/status -
2026.05.10 01:49:50.084   get /dev10001/zsyncs/0/connection/serial -
2026.05.10 01:49:50.084   get /dev10001/zsyncs/1/connection/serial -
2026.05.10 01:49:50.084   get /dev10001/zsyncs/2/connection/serial -
2026.05.10 01:49:50.084   get /dev10001/zsyncs/3/connection/serial -
2026.05.10 01:49:50.084   get /dev10001/zsyncs/4/connection/serial -
2026.05.10 01:49:50.084   get /dev10001/zsyncs/5/connection/serial -
2026.05.10 01:49:50.085   get /dev10001/zsyncs/6/connection/serial -
2026.05.10 01:49:50.085   get /dev10001/zsyncs/7/connection/serial -
2026.05.10 01:49:50.085   get /dev10001/zsyncs/8/connection/serial -
2026.05.10 01:49:50.085   get /dev10001/zsyncs/9/connection/serial -
2026.05.10 01:49:50.085   get /dev10001/zsyncs/10/connection/serial -
2026.05.10 01:49:50.085   get /dev10001/zsyncs/11/connection/serial -
2026.05.10 01:49:50.085   get /dev10001/zsyncs/12/connection/serial -
2026.05.10 01:49:50.085   get /dev10001/zsyncs/13/connection/serial -
2026.05.10 01:49:50.085   get /dev10001/zsyncs/14/connection/serial -
2026.05.10 01:49:50.086   get /dev10001/zsyncs/15/connection/serial -
2026.05.10 01:49:50.086   get /dev10001/zsyncs/16/connection/serial -
2026.05.10 01:49:50.086   get /dev10001/zsyncs/17/connection/serial -
2026.05.10 01:49:50.093 Node log from the data server with id 'zi_server':
2026.05.10 01:49:50.094   set /dev8001/awgs/*/pipeliner/reset 1
2026.05.10 01:49:50.094   set /dev8001/awgs/*/pipeliner/mode 0
2026.05.10 01:49:50.094   set /dev8001/awgs/*/synchronization/enable 0
2026.05.10 01:49:50.094   set /dev12001/qachannels/*/pipeliner/reset 1
2026.05.10 01:49:50.094   set /dev12001/qachannels/*/pipeliner/mode 0
2026.05.10 01:49:50.094   set /dev12001/qachannels/*/synchronization/enable 0
2026.05.10 01:49:50.094   set /dev12001/sgchannels/*/pipeliner/reset 1
2026.05.10 01:49:50.094   set /dev12001/sgchannels/*/pipeliner/mode 0
2026.05.10 01:49:50.095   set /dev12001/sgchannels/*/synchronization/enable 0
2026.05.10 01:49:50.095   set /dev10001/execution/synchronization/enable 0
2026.05.10 01:49:50.095   set /dev8001/awgs/*/enable 0
2026.05.10 01:49:50.095   set /dev8001/system/synchronization/source 0
2026.05.10 01:49:50.095   set /dev12001/qachannels/*/generator/enable 0
2026.05.10 01:49:50.095   set /dev12001/system/synchronization/source 0
2026.05.10 01:49:50.095   set /dev12001/system/internaltrigger/synchronization/enable 0
2026.05.10 01:49:50.095   set /dev12001/qachannels/*/readout/result/enable 0
2026.05.10 01:49:50.096   set /dev12001/qachannels/*/spectroscopy/psd/enable 0
2026.05.10 01:49:50.096   set /dev12001/qachannels/*/spectroscopy/result/enable 0
2026.05.10 01:49:50.096   set /dev12001/qachannels/*/output/rflfinterlock 1
2026.05.10 01:49:50.096   set /dev12001/qachannels/*/oscs/*/gain 1.0
2026.05.10 01:49:50.096   set /dev12001/scopes/0/enable 0
2026.05.10 01:49:50.096   set /dev12001/scopes/0/channels/*/enable 0
2026.05.10 01:49:50.096   set /dev12001/sgchannels/*/awg/enable 0
2026.05.10 01:50:00.210 Node log from the data server with id 'zi_server':
2026.05.10 01:50:00.210   get /dev8001/raw/system/awg/runtimechecks/enable -
2026.05.10 01:50:00.210   get /dev12001/raw/system/awg/runtimechecks/enable -
2026.05.10 01:50:00.210   get /dev8001/raw/system/awg/runtimechecks/enable -
2026.05.10 01:50:00.210   get /dev12001/raw/system/awg/runtimechecks/enable -
2026.05.10 01:50:00.210   get /dev10001/system/clocks/referenceclock/in/freq -
2026.05.10 01:50:00.211   get /dev10001/system/clocks/referenceclock/in/sourceactual -
2026.05.10 01:50:00.211   get /dev10001/system/clocks/referenceclock/in/source -
2026.05.10 01:50:00.211   get /dev10001/system/clocks/referenceclock/in/status -
2026.05.10 01:50:00.211   get /dev10001/system/clocks/referenceclock/in/freq -
2026.05.10 01:50:00.211   get /dev10001/system/clocks/referenceclock/in/sourceactual -
2026.05.10 01:50:00.211   get /dev10001/system/clocks/referenceclock/in/source -
2026.05.10 01:50:00.211   get /dev10001/system/clocks/referenceclock/in/status -
2026.05.10 01:50:00.211   get /dev8001/system/clocks/referenceclock/freq -
2026.05.10 01:50:00.212   get /dev8001/system/clocks/referenceclock/source -
2026.05.10 01:50:00.212   get /dev8001/system/clocks/referenceclock/status -
2026.05.10 01:50:00.212   get /dev12001/system/clocks/referenceclock/in/freq -
2026.05.10 01:50:00.212   get /dev12001/system/clocks/referenceclock/in/sourceactual -
2026.05.10 01:50:00.212   get /dev12001/system/clocks/referenceclock/in/source -
2026.05.10 01:50:00.212   get /dev12001/system/clocks/referenceclock/in/status -
2026.05.10 01:50:00.212   set /dev8001/system/clocks/referenceclock/source 2
2026.05.10 01:50:00.212   set /dev12001/system/clocks/referenceclock/in/source 2
2026.05.10 01:50:00.212   get /dev8001/system/clocks/referenceclock/freq -
2026.05.10 01:50:00.213   get /dev8001/system/clocks/referenceclock/source -
2026.05.10 01:50:00.213   get /dev8001/system/clocks/referenceclock/status -
2026.05.10 01:50:00.213   get /dev12001/system/clocks/referenceclock/in/freq -
2026.05.10 01:50:00.213   get /dev12001/system/clocks/referenceclock/in/sourceactual -
2026.05.10 01:50:00.213   get /dev12001/system/clocks/referenceclock/in/source -
2026.05.10 01:50:00.213   get /dev12001/system/clocks/referenceclock/in/status -
2026.05.10 01:50:00.213   get /dev8001/system/clocks/sampleclock/freq -
2026.05.10 01:50:00.213   get /dev8001/system/clocks/sampleclock/status -
2026.05.10 01:50:00.213   set /dev8001/sigouts/0/on 0
2026.05.10 01:50:00.214   set /dev8001/sigouts/1/on 0
2026.05.10 01:50:00.214   set /dev8001/sigouts/2/on 0
2026.05.10 01:50:00.214   set /dev8001/sigouts/3/on 0
2026.05.10 01:50:00.214   set /dev8001/sigouts/4/on 0
2026.05.10 01:50:00.214   set /dev8001/sigouts/5/on 0
2026.05.10 01:50:00.214   set /dev8001/sigouts/6/on 0
2026.05.10 01:50:00.214   set /dev8001/sigouts/7/on 0
2026.05.10 01:50:00.214   set /dev8001/system/clocks/sampleclock/freq 2000000000.0
2026.05.10 01:50:00.214   get /dev8001/system/clocks/sampleclock/freq -
2026.05.10 01:50:00.215   get /dev8001/system/clocks/sampleclock/status -
2026.05.10 01:50:00.215   get /dev8001/sigouts/0/on -
2026.05.10 01:50:00.215   get /dev8001/sigouts/0/offset -
2026.05.10 01:50:00.215   set /dev8001/sigouts/0/on 1
2026.05.10 01:50:00.215   set /dev8001/sigouts/0/offset 0.0
2026.05.10 01:50:00.215   get /dev8001/sigouts/0/on -
2026.05.10 01:50:00.215   get /dev8001/sigouts/0/offset -
2026.05.10 01:50:00.215   get /dev10001/zsyncs/0/connection/status -
2026.05.10 01:50:00.215   get /dev10001/zsyncs/1/connection/status -
2026.05.10 01:50:00.216   get /dev10001/zsyncs/2/connection/status -
2026.05.10 01:50:00.216   get /dev10001/zsyncs/3/connection/status -
2026.05.10 01:50:00.216   get /dev10001/zsyncs/4/connection/status -
2026.05.10 01:50:00.216   get /dev10001/zsyncs/5/connection/status -
2026.05.10 01:50:00.216   get /dev10001/zsyncs/6/connection/status -
2026.05.10 01:50:00.216   get /dev10001/zsyncs/7/connection/status -
2026.05.10 01:50:00.216   get /dev10001/zsyncs/8/connection/status -
2026.05.10 01:50:00.216   get /dev10001/zsyncs/9/connection/status -
2026.05.10 01:50:00.216   get /dev10001/zsyncs/10/connection/status -
2026.05.10 01:50:00.217   get /dev10001/zsyncs/11/connection/status -
2026.05.10 01:50:00.217   get /dev10001/zsyncs/12/connection/status -
2026.05.10 01:50:00.217   get /dev10001/zsyncs/13/connection/status -
2026.05.10 01:50:00.217   get /dev10001/zsyncs/14/connection/status -
2026.05.10 01:50:00.217   get /dev10001/zsyncs/15/connection/status -
2026.05.10 01:50:00.217   get /dev10001/zsyncs/16/connection/status -
2026.05.10 01:50:00.217   get /dev10001/zsyncs/17/connection/status -
2026.05.10 01:50:00.217   get /dev10001/zsyncs/0/connection/serial -
2026.05.10 01:50:00.217   get /dev10001/zsyncs/1/connection/serial -
2026.05.10 01:50:00.217   get /dev10001/zsyncs/2/connection/serial -
2026.05.10 01:50:00.218   get /dev10001/zsyncs/3/connection/serial -
2026.05.10 01:50:00.218   get /dev10001/zsyncs/4/connection/serial -
2026.05.10 01:50:00.218   get /dev10001/zsyncs/5/connection/serial -
2026.05.10 01:50:00.218   get /dev10001/zsyncs/6/connection/serial -
2026.05.10 01:50:00.218   get /dev10001/zsyncs/7/connection/serial -
2026.05.10 01:50:00.218   get /dev10001/zsyncs/8/connection/serial -
2026.05.10 01:50:00.218   get /dev10001/zsyncs/9/connection/serial -
2026.05.10 01:50:00.218   get /dev10001/zsyncs/10/connection/serial -
2026.05.10 01:50:00.218   get /dev10001/zsyncs/11/connection/serial -
2026.05.10 01:50:00.218   get /dev10001/zsyncs/12/connection/serial -
2026.05.10 01:50:00.219   get /dev10001/zsyncs/13/connection/serial -
2026.05.10 01:50:00.219   get /dev10001/zsyncs/14/connection/serial -
2026.05.10 01:50:00.219   get /dev10001/zsyncs/15/connection/serial -
2026.05.10 01:50:00.219   get /dev10001/zsyncs/16/connection/serial -
2026.05.10 01:50:00.219   get /dev10001/zsyncs/17/connection/serial -
2026.05.10 01:50:00.226 Node log from the data server with id 'zi_server':
2026.05.10 01:50:00.226   set /dev8001/awgs/*/pipeliner/reset 1
2026.05.10 01:50:00.226   set /dev8001/awgs/*/pipeliner/mode 0
2026.05.10 01:50:00.226   set /dev8001/awgs/*/synchronization/enable 0
2026.05.10 01:50:00.226   set /dev12001/qachannels/*/pipeliner/reset 1
2026.05.10 01:50:00.227   set /dev12001/qachannels/*/pipeliner/mode 0
2026.05.10 01:50:00.227   set /dev12001/qachannels/*/synchronization/enable 0
2026.05.10 01:50:00.227   set /dev12001/sgchannels/*/pipeliner/reset 1
2026.05.10 01:50:00.227   set /dev12001/sgchannels/*/pipeliner/mode 0
2026.05.10 01:50:00.227   set /dev12001/sgchannels/*/synchronization/enable 0
2026.05.10 01:50:00.227   set /dev10001/execution/synchronization/enable 0
2026.05.10 01:50:00.227   set /dev8001/awgs/*/enable 0
2026.05.10 01:50:00.227   set /dev8001/system/synchronization/source 0
2026.05.10 01:50:00.227   set /dev12001/qachannels/*/generator/enable 0
2026.05.10 01:50:00.228   set /dev12001/system/synchronization/source 0
2026.05.10 01:50:00.228   set /dev12001/system/internaltrigger/synchronization/enable 0
2026.05.10 01:50:00.228   set /dev12001/qachannels/*/readout/result/enable 0
2026.05.10 01:50:00.228   set /dev12001/qachannels/*/spectroscopy/psd/enable 0
2026.05.10 01:50:00.228   set /dev12001/qachannels/*/spectroscopy/result/enable 0
2026.05.10 01:50:00.228   set /dev12001/qachannels/*/output/rflfinterlock 1
2026.05.10 01:50:00.228   set /dev12001/qachannels/*/oscs/*/gain 1.0
2026.05.10 01:50:00.228   set /dev12001/scopes/0/enable 0
2026.05.10 01:50:00.228   set /dev12001/scopes/0/channels/*/enable 0
2026.05.10 01:50:00.228   set /dev12001/sgchannels/*/awg/enable 0
2026.05.10 01:50:10.170 Node log from the data server with id 'zi_server':
2026.05.10 01:50:10.170   get /dev8001/raw/system/awg/runtimechecks/enable -
2026.05.10 01:50:10.170   get /dev12001/raw/system/awg/runtimechecks/enable -
2026.05.10 01:50:10.170   get /dev8001/raw/system/awg/runtimechecks/enable -
2026.05.10 01:50:10.170   get /dev12001/raw/system/awg/runtimechecks/enable -
2026.05.10 01:50:10.170   get /dev10001/system/clocks/referenceclock/in/freq -
2026.05.10 01:50:10.171   get /dev10001/system/clocks/referenceclock/in/sourceactual -
2026.05.10 01:50:10.171   get /dev10001/system/clocks/referenceclock/in/source -
2026.05.10 01:50:10.171   get /dev10001/system/clocks/referenceclock/in/status -
2026.05.10 01:50:10.171   get /dev10001/system/clocks/referenceclock/in/freq -
2026.05.10 01:50:10.171   get /dev10001/system/clocks/referenceclock/in/sourceactual -
2026.05.10 01:50:10.171   get /dev10001/system/clocks/referenceclock/in/source -
2026.05.10 01:50:10.171   get /dev10001/system/clocks/referenceclock/in/status -
2026.05.10 01:50:10.171   get /dev8001/system/clocks/referenceclock/freq -
2026.05.10 01:50:10.171   get /dev8001/system/clocks/referenceclock/source -
2026.05.10 01:50:10.172   get /dev8001/system/clocks/referenceclock/status -
2026.05.10 01:50:10.172   get /dev12001/system/clocks/referenceclock/in/freq -
2026.05.10 01:50:10.172   get /dev12001/system/clocks/referenceclock/in/sourceactual -
2026.05.10 01:50:10.172   get /dev12001/system/clocks/referenceclock/in/source -
2026.05.10 01:50:10.172   get /dev12001/system/clocks/referenceclock/in/status -
2026.05.10 01:50:10.172   set /dev8001/system/clocks/referenceclock/source 2
2026.05.10 01:50:10.172   set /dev12001/system/clocks/referenceclock/in/source 2
2026.05.10 01:50:10.172   get /dev8001/system/clocks/referenceclock/freq -
2026.05.10 01:50:10.172   get /dev8001/system/clocks/referenceclock/source -
2026.05.10 01:50:10.173   get /dev8001/system/clocks/referenceclock/status -
2026.05.10 01:50:10.173   get /dev12001/system/clocks/referenceclock/in/freq -
2026.05.10 01:50:10.173   get /dev12001/system/clocks/referenceclock/in/sourceactual -
2026.05.10 01:50:10.173   get /dev12001/system/clocks/referenceclock/in/source -
2026.05.10 01:50:10.173   get /dev12001/system/clocks/referenceclock/in/status -
2026.05.10 01:50:10.173   get /dev8001/system/clocks/sampleclock/freq -
2026.05.10 01:50:10.173   get /dev8001/system/clocks/sampleclock/status -
2026.05.10 01:50:10.173   set /dev8001/sigouts/0/on 0
2026.05.10 01:50:10.173   set /dev8001/sigouts/1/on 0
2026.05.10 01:50:10.174   set /dev8001/sigouts/2/on 0
2026.05.10 01:50:10.174   set /dev8001/sigouts/3/on 0
2026.05.10 01:50:10.174   set /dev8001/sigouts/4/on 0
2026.05.10 01:50:10.174   set /dev8001/sigouts/5/on 0
2026.05.10 01:50:10.174   set /dev8001/sigouts/6/on 0
2026.05.10 01:50:10.174   set /dev8001/sigouts/7/on 0
2026.05.10 01:50:10.174   set /dev8001/system/clocks/sampleclock/freq 2000000000.0
2026.05.10 01:50:10.174   get /dev8001/system/clocks/sampleclock/freq -
2026.05.10 01:50:10.174   get /dev8001/system/clocks/sampleclock/status -
2026.05.10 01:50:10.175   get /dev8001/sigouts/0/on -
2026.05.10 01:50:10.175   get /dev8001/sigouts/0/offset -
2026.05.10 01:50:10.175   set /dev8001/sigouts/0/on 1
2026.05.10 01:50:10.175   set /dev8001/sigouts/0/offset 0.0
2026.05.10 01:50:10.175   get /dev8001/sigouts/0/on -
2026.05.10 01:50:10.175   get /dev8001/sigouts/0/offset -
2026.05.10 01:50:10.175   get /dev10001/zsyncs/0/connection/status -
2026.05.10 01:50:10.175   get /dev10001/zsyncs/1/connection/status -
2026.05.10 01:50:10.175   get /dev10001/zsyncs/2/connection/status -
2026.05.10 01:50:10.175   get /dev10001/zsyncs/3/connection/status -
2026.05.10 01:50:10.176   get /dev10001/zsyncs/4/connection/status -
2026.05.10 01:50:10.176   get /dev10001/zsyncs/5/connection/status -
2026.05.10 01:50:10.176   get /dev10001/zsyncs/6/connection/status -
2026.05.10 01:50:10.176   get /dev10001/zsyncs/7/connection/status -
2026.05.10 01:50:10.176   get /dev10001/zsyncs/8/connection/status -
2026.05.10 01:50:10.176   get /dev10001/zsyncs/9/connection/status -
2026.05.10 01:50:10.176   get /dev10001/zsyncs/10/connection/status -
2026.05.10 01:50:10.176   get /dev10001/zsyncs/11/connection/status -
2026.05.10 01:50:10.176   get /dev10001/zsyncs/12/connection/status -
2026.05.10 01:50:10.176   get /dev10001/zsyncs/13/connection/status -
2026.05.10 01:50:10.176   get /dev10001/zsyncs/14/connection/status -
2026.05.10 01:50:10.177   get /dev10001/zsyncs/15/connection/status -
2026.05.10 01:50:10.177   get /dev10001/zsyncs/16/connection/status -
2026.05.10 01:50:10.177   get /dev10001/zsyncs/17/connection/status -
2026.05.10 01:50:10.177   get /dev10001/zsyncs/0/connection/serial -
2026.05.10 01:50:10.177   get /dev10001/zsyncs/1/connection/serial -
2026.05.10 01:50:10.177   get /dev10001/zsyncs/2/connection/serial -
2026.05.10 01:50:10.177   get /dev10001/zsyncs/3/connection/serial -
2026.05.10 01:50:10.177   get /dev10001/zsyncs/4/connection/serial -
2026.05.10 01:50:10.177   get /dev10001/zsyncs/5/connection/serial -
2026.05.10 01:50:10.177   get /dev10001/zsyncs/6/connection/serial -
2026.05.10 01:50:10.177   get /dev10001/zsyncs/7/connection/serial -
2026.05.10 01:50:10.177   get /dev10001/zsyncs/8/connection/serial -
2026.05.10 01:50:10.178   get /dev10001/zsyncs/9/connection/serial -
2026.05.10 01:50:10.178   get /dev10001/zsyncs/10/connection/serial -
2026.05.10 01:50:10.178   get /dev10001/zsyncs/11/connection/serial -
2026.05.10 01:50:10.178   get /dev10001/zsyncs/12/connection/serial -
2026.05.10 01:50:10.178   get /dev10001/zsyncs/13/connection/serial -
2026.05.10 01:50:10.178   get /dev10001/zsyncs/14/connection/serial -
2026.05.10 01:50:10.178   get /dev10001/zsyncs/15/connection/serial -
2026.05.10 01:50:10.178   get /dev10001/zsyncs/16/connection/serial -
2026.05.10 01:50:10.178   get /dev10001/zsyncs/17/connection/serial -
2026.05.10 01:50:10.184 Node log from the data server with id 'zi_server':
2026.05.10 01:50:10.184   set /dev8001/awgs/*/pipeliner/reset 1
2026.05.10 01:50:10.184   set /dev8001/awgs/*/pipeliner/mode 0
2026.05.10 01:50:10.185   set /dev8001/awgs/*/synchronization/enable 0
2026.05.10 01:50:10.185   set /dev12001/qachannels/*/pipeliner/reset 1
2026.05.10 01:50:10.185   set /dev12001/qachannels/*/pipeliner/mode 0
2026.05.10 01:50:10.185   set /dev12001/qachannels/*/synchronization/enable 0
2026.05.10 01:50:10.185   set /dev12001/sgchannels/*/pipeliner/reset 1
2026.05.10 01:50:10.185   set /dev12001/sgchannels/*/pipeliner/mode 0
2026.05.10 01:50:10.185   set /dev12001/sgchannels/*/synchronization/enable 0
2026.05.10 01:50:10.185   set /dev10001/execution/synchronization/enable 0
2026.05.10 01:50:10.185   set /dev8001/awgs/*/enable 0
2026.05.10 01:50:10.185   set /dev8001/system/synchronization/source 0
2026.05.10 01:50:10.186   set /dev12001/qachannels/*/generator/enable 0
2026.05.10 01:50:10.186   set /dev12001/system/synchronization/source 0
2026.05.10 01:50:10.186   set /dev12001/system/internaltrigger/synchronization/enable 0
2026.05.10 01:50:10.186   set /dev12001/qachannels/*/readout/result/enable 0
2026.05.10 01:50:10.186   set /dev12001/qachannels/*/spectroscopy/psd/enable 0
2026.05.10 01:50:10.186   set /dev12001/qachannels/*/spectroscopy/result/enable 0
2026.05.10 01:50:10.186   set /dev12001/qachannels/*/output/rflfinterlock 1
2026.05.10 01:50:10.186   set /dev12001/qachannels/*/oscs/*/gain 1.0
2026.05.10 01:50:10.186   set /dev12001/scopes/0/enable 0
2026.05.10 01:50:10.186   set /dev12001/scopes/0/channels/*/enable 0
2026.05.10 01:50:10.187   set /dev12001/sgchannels/*/awg/enable 0
2026.05.10 01:50:19.897 Node log from the data server with id 'zi_server':
2026.05.10 01:50:19.897   get /dev8001/raw/system/awg/runtimechecks/enable -
2026.05.10 01:50:19.897   get /dev12001/raw/system/awg/runtimechecks/enable -
2026.05.10 01:50:19.898   get /dev8001/raw/system/awg/runtimechecks/enable -
2026.05.10 01:50:19.898   get /dev12001/raw/system/awg/runtimechecks/enable -
2026.05.10 01:50:19.898   get /dev10001/system/clocks/referenceclock/in/freq -
2026.05.10 01:50:19.898   get /dev10001/system/clocks/referenceclock/in/sourceactual -
2026.05.10 01:50:19.898   get /dev10001/system/clocks/referenceclock/in/source -
2026.05.10 01:50:19.899   get /dev10001/system/clocks/referenceclock/in/status -
2026.05.10 01:50:19.899   get /dev10001/system/clocks/referenceclock/in/freq -
2026.05.10 01:50:19.899   get /dev10001/system/clocks/referenceclock/in/sourceactual -
2026.05.10 01:50:19.899   get /dev10001/system/clocks/referenceclock/in/source -
2026.05.10 01:50:19.899   get /dev10001/system/clocks/referenceclock/in/status -
2026.05.10 01:50:19.899   get /dev8001/system/clocks/referenceclock/freq -
2026.05.10 01:50:19.899   get /dev8001/system/clocks/referenceclock/source -
2026.05.10 01:50:19.899   get /dev8001/system/clocks/referenceclock/status -
2026.05.10 01:50:19.900   get /dev12001/system/clocks/referenceclock/in/freq -
2026.05.10 01:50:19.900   get /dev12001/system/clocks/referenceclock/in/sourceactual -
2026.05.10 01:50:19.900   get /dev12001/system/clocks/referenceclock/in/source -
2026.05.10 01:50:19.900   get /dev12001/system/clocks/referenceclock/in/status -
2026.05.10 01:50:19.900   set /dev8001/system/clocks/referenceclock/source 2
2026.05.10 01:50:19.900   set /dev12001/system/clocks/referenceclock/in/source 2
2026.05.10 01:50:19.900   get /dev8001/system/clocks/referenceclock/freq -
2026.05.10 01:50:19.900   get /dev8001/system/clocks/referenceclock/source -
2026.05.10 01:50:19.900   get /dev8001/system/clocks/referenceclock/status -
2026.05.10 01:50:19.901   get /dev12001/system/clocks/referenceclock/in/freq -
2026.05.10 01:50:19.901   get /dev12001/system/clocks/referenceclock/in/sourceactual -
2026.05.10 01:50:19.901   get /dev12001/system/clocks/referenceclock/in/source -
2026.05.10 01:50:19.901   get /dev12001/system/clocks/referenceclock/in/status -
2026.05.10 01:50:19.901   get /dev8001/system/clocks/sampleclock/freq -
2026.05.10 01:50:19.901   get /dev8001/system/clocks/sampleclock/status -
2026.05.10 01:50:19.901   set /dev8001/sigouts/0/on 0
2026.05.10 01:50:19.901   set /dev8001/sigouts/1/on 0
2026.05.10 01:50:19.901   set /dev8001/sigouts/2/on 0
2026.05.10 01:50:19.901   set /dev8001/sigouts/3/on 0
2026.05.10 01:50:19.902   set /dev8001/sigouts/4/on 0
2026.05.10 01:50:19.902   set /dev8001/sigouts/5/on 0
2026.05.10 01:50:19.902   set /dev8001/sigouts/6/on 0
2026.05.10 01:50:19.902   set /dev8001/sigouts/7/on 0
2026.05.10 01:50:19.902   set /dev8001/system/clocks/sampleclock/freq 2000000000.0
2026.05.10 01:50:19.902   get /dev8001/system/clocks/sampleclock/freq -
2026.05.10 01:50:19.902   get /dev8001/system/clocks/sampleclock/status -
2026.05.10 01:50:19.902   get /dev8001/sigouts/0/on -
2026.05.10 01:50:19.903   get /dev8001/sigouts/0/offset -
2026.05.10 01:50:19.903   set /dev8001/sigouts/0/on 1
2026.05.10 01:50:19.903   set /dev8001/sigouts/0/offset 0.0
2026.05.10 01:50:19.903   get /dev8001/sigouts/0/on -
2026.05.10 01:50:19.903   get /dev8001/sigouts/0/offset -
2026.05.10 01:50:19.903   get /dev10001/zsyncs/0/connection/status -
2026.05.10 01:50:19.903   get /dev10001/zsyncs/1/connection/status -
2026.05.10 01:50:19.903   get /dev10001/zsyncs/2/connection/status -
2026.05.10 01:50:19.903   get /dev10001/zsyncs/3/connection/status -
2026.05.10 01:50:19.903   get /dev10001/zsyncs/4/connection/status -
2026.05.10 01:50:19.904   get /dev10001/zsyncs/5/connection/status -
2026.05.10 01:50:19.904   get /dev10001/zsyncs/6/connection/status -
2026.05.10 01:50:19.904   get /dev10001/zsyncs/7/connection/status -
2026.05.10 01:50:19.904   get /dev10001/zsyncs/8/connection/status -
2026.05.10 01:50:19.904   get /dev10001/zsyncs/9/connection/status -
2026.05.10 01:50:19.904   get /dev10001/zsyncs/10/connection/status -
2026.05.10 01:50:19.904   get /dev10001/zsyncs/11/connection/status -
2026.05.10 01:50:19.904   get /dev10001/zsyncs/12/connection/status -
2026.05.10 01:50:19.904   get /dev10001/zsyncs/13/connection/status -
2026.05.10 01:50:19.905   get /dev10001/zsyncs/14/connection/status -
2026.05.10 01:50:19.905   get /dev10001/zsyncs/15/connection/status -
2026.05.10 01:50:19.905   get /dev10001/zsyncs/16/connection/status -
2026.05.10 01:50:19.905   get /dev10001/zsyncs/17/connection/status -
2026.05.10 01:50:19.905   get /dev10001/zsyncs/0/connection/serial -
2026.05.10 01:50:19.905   get /dev10001/zsyncs/1/connection/serial -
2026.05.10 01:50:19.905   get /dev10001/zsyncs/2/connection/serial -
2026.05.10 01:50:19.905   get /dev10001/zsyncs/3/connection/serial -
2026.05.10 01:50:19.905   get /dev10001/zsyncs/4/connection/serial -
2026.05.10 01:50:19.905   get /dev10001/zsyncs/5/connection/serial -
2026.05.10 01:50:19.906   get /dev10001/zsyncs/6/connection/serial -
2026.05.10 01:50:19.906   get /dev10001/zsyncs/7/connection/serial -
2026.05.10 01:50:19.906   get /dev10001/zsyncs/8/connection/serial -
2026.05.10 01:50:19.906   get /dev10001/zsyncs/9/connection/serial -
2026.05.10 01:50:19.906   get /dev10001/zsyncs/10/connection/serial -
2026.05.10 01:50:19.906   get /dev10001/zsyncs/11/connection/serial -
2026.05.10 01:50:19.906   get /dev10001/zsyncs/12/connection/serial -
2026.05.10 01:50:19.906   get /dev10001/zsyncs/13/connection/serial -
2026.05.10 01:50:19.906   get /dev10001/zsyncs/14/connection/serial -
2026.05.10 01:50:19.906   get /dev10001/zsyncs/15/connection/serial -
2026.05.10 01:50:19.907   get /dev10001/zsyncs/16/connection/serial -
2026.05.10 01:50:19.907   get /dev10001/zsyncs/17/connection/serial -
2026.05.10 01:50:19.913 Node log from the data server with id 'zi_server':
2026.05.10 01:50:19.913   set /dev8001/awgs/*/pipeliner/reset 1
2026.05.10 01:50:19.913   set /dev8001/awgs/*/pipeliner/mode 0
2026.05.10 01:50:19.913   set /dev8001/awgs/*/synchronization/enable 0
2026.05.10 01:50:19.913   set /dev12001/qachannels/*/pipeliner/reset 1
2026.05.10 01:50:19.914   set /dev12001/qachannels/*/pipeliner/mode 0
2026.05.10 01:50:19.914   set /dev12001/qachannels/*/synchronization/enable 0
2026.05.10 01:50:19.914   set /dev12001/sgchannels/*/pipeliner/reset 1
2026.05.10 01:50:19.914   set /dev12001/sgchannels/*/pipeliner/mode 0
2026.05.10 01:50:19.914   set /dev12001/sgchannels/*/synchronization/enable 0
2026.05.10 01:50:19.914   set /dev10001/execution/synchronization/enable 0
2026.05.10 01:50:19.914   set /dev8001/awgs/*/enable 0
2026.05.10 01:50:19.914   set /dev8001/system/synchronization/source 0
2026.05.10 01:50:19.914   set /dev12001/qachannels/*/generator/enable 0
2026.05.10 01:50:19.914   set /dev12001/system/synchronization/source 0
2026.05.10 01:50:19.914   set /dev12001/system/internaltrigger/synchronization/enable 0
2026.05.10 01:50:19.914   set /dev12001/qachannels/*/readout/result/enable 0
2026.05.10 01:50:19.915   set /dev12001/qachannels/*/spectroscopy/psd/enable 0
2026.05.10 01:50:19.915   set /dev12001/qachannels/*/spectroscopy/result/enable 0
2026.05.10 01:50:19.915   set /dev12001/qachannels/*/output/rflfinterlock 1
2026.05.10 01:50:19.915   set /dev12001/qachannels/*/oscs/*/gain 1.0
2026.05.10 01:50:19.915   set /dev12001/scopes/0/enable 0
2026.05.10 01:50:19.915   set /dev12001/scopes/0/channels/*/enable 0
2026.05.10 01:50:19.915   set /dev12001/sgchannels/*/awg/enable 0
2026.05.10 01:58:30.269 Node log from the data server with id 'zi_server':
2026.05.10 01:58:30.269   get /dev8001/raw/system/awg/runtimechecks/enable -
2026.05.10 01:58:30.269   get /dev12001/raw/system/awg/runtimechecks/enable -
2026.05.10 01:58:30.269   get /dev8001/raw/system/awg/runtimechecks/enable -
2026.05.10 01:58:30.269   get /dev12001/raw/system/awg/runtimechecks/enable -
2026.05.10 01:58:30.269   get /dev10001/system/clocks/referenceclock/in/freq -
2026.05.10 01:58:30.270   get /dev10001/system/clocks/referenceclock/in/sourceactual -
2026.05.10 01:58:30.270   get /dev10001/system/clocks/referenceclock/in/source -
2026.05.10 01:58:30.270   get /dev10001/system/clocks/referenceclock/in/status -
2026.05.10 01:58:30.270   get /dev10001/system/clocks/referenceclock/in/freq -
2026.05.10 01:58:30.270   get /dev10001/system/clocks/referenceclock/in/sourceactual -
2026.05.10 01:58:30.270   get /dev10001/system/clocks/referenceclock/in/source -
2026.05.10 01:58:30.270   get /dev10001/system/clocks/referenceclock/in/status -
2026.05.10 01:58:30.270   get /dev8001/system/clocks/referenceclock/freq -
2026.05.10 01:58:30.270   get /dev8001/system/clocks/referenceclock/source -
2026.05.10 01:58:30.270   get /dev8001/system/clocks/referenceclock/status -
2026.05.10 01:58:30.271   get /dev12001/system/clocks/referenceclock/in/freq -
2026.05.10 01:58:30.271   get /dev12001/system/clocks/referenceclock/in/sourceactual -
2026.05.10 01:58:30.271   get /dev12001/system/clocks/referenceclock/in/source -
2026.05.10 01:58:30.271   get /dev12001/system/clocks/referenceclock/in/status -
2026.05.10 01:58:30.271   set /dev8001/system/clocks/referenceclock/source 2
2026.05.10 01:58:30.271   set /dev12001/system/clocks/referenceclock/in/source 2
2026.05.10 01:58:30.271   get /dev8001/system/clocks/referenceclock/freq -
2026.05.10 01:58:30.271   get /dev8001/system/clocks/referenceclock/source -
2026.05.10 01:58:30.272   get /dev8001/system/clocks/referenceclock/status -
2026.05.10 01:58:30.272   get /dev12001/system/clocks/referenceclock/in/freq -
2026.05.10 01:58:30.272   get /dev12001/system/clocks/referenceclock/in/sourceactual -
2026.05.10 01:58:30.272   get /dev12001/system/clocks/referenceclock/in/source -
2026.05.10 01:58:30.272   get /dev12001/system/clocks/referenceclock/in/status -
2026.05.10 01:58:30.272   get /dev8001/system/clocks/sampleclock/freq -
2026.05.10 01:58:30.272   get /dev8001/system/clocks/sampleclock/status -
2026.05.10 01:58:30.272   set /dev8001/sigouts/0/on 0
2026.05.10 01:58:30.272   set /dev8001/sigouts/1/on 0
2026.05.10 01:58:30.272   set /dev8001/sigouts/2/on 0
2026.05.10 01:58:30.273   set /dev8001/sigouts/3/on 0
2026.05.10 01:58:30.273   set /dev8001/sigouts/4/on 0
2026.05.10 01:58:30.273   set /dev8001/sigouts/5/on 0
2026.05.10 01:58:30.273   set /dev8001/sigouts/6/on 0
2026.05.10 01:58:30.273   set /dev8001/sigouts/7/on 0
2026.05.10 01:58:30.273   set /dev8001/system/clocks/sampleclock/freq 2000000000.0
2026.05.10 01:58:30.273   get /dev8001/system/clocks/sampleclock/freq -
2026.05.10 01:58:30.273   get /dev8001/system/clocks/sampleclock/status -
2026.05.10 01:58:30.273   get /dev8001/sigouts/0/on -
2026.05.10 01:58:30.273   get /dev8001/sigouts/0/offset -
2026.05.10 01:58:30.274   set /dev8001/sigouts/0/on 1
2026.05.10 01:58:30.274   set /dev8001/sigouts/0/offset 0.0
2026.05.10 01:58:30.274   get /dev8001/sigouts/0/on -
2026.05.10 01:58:30.274   get /dev8001/sigouts/0/offset -
2026.05.10 01:58:30.274   get /dev10001/zsyncs/0/connection/status -
2026.05.10 01:58:30.274   get /dev10001/zsyncs/1/connection/status -
2026.05.10 01:58:30.274   get /dev10001/zsyncs/2/connection/status -
2026.05.10 01:58:30.274   get /dev10001/zsyncs/3/connection/status -
2026.05.10 01:58:30.274   get /dev10001/zsyncs/4/connection/status -
2026.05.10 01:58:30.274   get /dev10001/zsyncs/5/connection/status -
2026.05.10 01:58:30.275   get /dev10001/zsyncs/6/connection/status -
2026.05.10 01:58:30.275   get /dev10001/zsyncs/7/connection/status -
2026.05.10 01:58:30.275   get /dev10001/zsyncs/8/connection/status -
2026.05.10 01:58:30.275   get /dev10001/zsyncs/9/connection/status -
2026.05.10 01:58:30.275   get /dev10001/zsyncs/10/connection/status -
2026.05.10 01:58:30.275   get /dev10001/zsyncs/11/connection/status -
2026.05.10 01:58:30.275   get /dev10001/zsyncs/12/connection/status -
2026.05.10 01:58:30.275   get /dev10001/zsyncs/13/connection/status -
2026.05.10 01:58:30.275   get /dev10001/zsyncs/14/connection/status -
2026.05.10 01:58:30.275   get /dev10001/zsyncs/15/connection/status -
2026.05.10 01:58:30.276   get /dev10001/zsyncs/16/connection/status -
2026.05.10 01:58:30.276   get /dev10001/zsyncs/17/connection/status -
2026.05.10 01:58:30.276   get /dev10001/zsyncs/0/connection/serial -
2026.05.10 01:58:30.276   get /dev10001/zsyncs/1/connection/serial -
2026.05.10 01:58:30.276   get /dev10001/zsyncs/2/connection/serial -
2026.05.10 01:58:30.276   get /dev10001/zsyncs/3/connection/serial -
2026.05.10 01:58:30.276   get /dev10001/zsyncs/4/connection/serial -
2026.05.10 01:58:30.276   get /dev10001/zsyncs/5/connection/serial -
2026.05.10 01:58:30.276   get /dev10001/zsyncs/6/connection/serial -
2026.05.10 01:58:30.276   get /dev10001/zsyncs/7/connection/serial -
2026.05.10 01:58:30.276   get /dev10001/zsyncs/8/connection/serial -
2026.05.10 01:58:30.277   get /dev10001/zsyncs/9/connection/serial -
2026.05.10 01:58:30.277   get /dev10001/zsyncs/10/connection/serial -
2026.05.10 01:58:30.277   get /dev10001/zsyncs/11/connection/serial -
2026.05.10 01:58:30.277   get /dev10001/zsyncs/12/connection/serial -
2026.05.10 01:58:30.277   get /dev10001/zsyncs/13/connection/serial -
2026.05.10 01:58:30.277   get /dev10001/zsyncs/14/connection/serial -
2026.05.10 01:58:30.277   get /dev10001/zsyncs/15/connection/serial -
2026.05.10 01:58:30.277   get /dev10001/zsyncs/16/connection/serial -
2026.05.10 01:58:30.277   get /dev10001/zsyncs/17/connection/serial -
2026.05.10 01:58:30.284 Node log from the data server with id 'zi_server':
2026.05.10 01:58:30.284   set /dev8001/awgs/*/pipeliner/reset 1
2026.05.10 01:58:30.284   set /dev8001/awgs/*/pipeliner/mode 0
2026.05.10 01:58:30.284   set /dev8001/awgs/*/synchronization/enable 0
2026.05.10 01:58:30.284   set /dev12001/qachannels/*/pipeliner/reset 1
2026.05.10 01:58:30.285   set /dev12001/qachannels/*/pipeliner/mode 0
2026.05.10 01:58:30.285   set /dev12001/qachannels/*/synchronization/enable 0
2026.05.10 01:58:30.285   set /dev12001/sgchannels/*/pipeliner/reset 1
2026.05.10 01:58:30.285   set /dev12001/sgchannels/*/pipeliner/mode 0
2026.05.10 01:58:30.285   set /dev12001/sgchannels/*/synchronization/enable 0
2026.05.10 01:58:30.285   set /dev10001/execution/synchronization/enable 0
2026.05.10 01:58:30.285   set /dev8001/awgs/*/enable 0
2026.05.10 01:58:30.285   set /dev8001/system/synchronization/source 0
2026.05.10 01:58:30.285   set /dev12001/qachannels/*/generator/enable 0
2026.05.10 01:58:30.285   set /dev12001/system/synchronization/source 0
2026.05.10 01:58:30.286   set /dev12001/system/internaltrigger/synchronization/enable 0
2026.05.10 01:58:30.286   set /dev12001/qachannels/*/readout/result/enable 0
2026.05.10 01:58:30.286   set /dev12001/qachannels/*/spectroscopy/psd/enable 0
2026.05.10 01:58:30.286   set /dev12001/qachannels/*/spectroscopy/result/enable 0
2026.05.10 01:58:30.286   set /dev12001/qachannels/*/output/rflfinterlock 1
2026.05.10 01:58:30.286   set /dev12001/qachannels/*/oscs/*/gain 1.0
2026.05.10 01:58:30.286   set /dev12001/scopes/0/enable 0
2026.05.10 01:58:30.286   set /dev12001/scopes/0/channels/*/enable 0
2026.05.10 01:58:30.286   set /dev12001/sgchannels/*/awg/enable 0
2026.05.10 01:58:38.866 Node log from the data server with id 'zi_server':
2026.05.10 01:58:38.866   get /dev8001/raw/system/awg/runtimechecks/enable -
2026.05.10 01:58:38.866   get /dev12001/raw/system/awg/runtimechecks/enable -
2026.05.10 01:58:38.867   get /dev8001/raw/system/awg/runtimechecks/enable -
2026.05.10 01:58:38.867   get /dev12001/raw/system/awg/runtimechecks/enable -
2026.05.10 01:58:38.867   get /dev10001/system/clocks/referenceclock/in/freq -
2026.05.10 01:58:38.867   get /dev10001/system/clocks/referenceclock/in/sourceactual -
2026.05.10 01:58:38.867   get /dev10001/system/clocks/referenceclock/in/source -
2026.05.10 01:58:38.867   get /dev10001/system/clocks/referenceclock/in/status -
2026.05.10 01:58:38.867   get /dev10001/system/clocks/referenceclock/in/freq -
2026.05.10 01:58:38.867   get /dev10001/system/clocks/referenceclock/in/sourceactual -
2026.05.10 01:58:38.867   get /dev10001/system/clocks/referenceclock/in/source -
2026.05.10 01:58:38.868   get /dev10001/system/clocks/referenceclock/in/status -
2026.05.10 01:58:38.868   get /dev8001/system/clocks/referenceclock/freq -
2026.05.10 01:58:38.868   get /dev8001/system/clocks/referenceclock/source -
2026.05.10 01:58:38.868   get /dev8001/system/clocks/referenceclock/status -
2026.05.10 01:58:38.868   get /dev12001/system/clocks/referenceclock/in/freq -
2026.05.10 01:58:38.868   get /dev12001/system/clocks/referenceclock/in/sourceactual -
2026.05.10 01:58:38.868   get /dev12001/system/clocks/referenceclock/in/source -
2026.05.10 01:58:38.868   get /dev12001/system/clocks/referenceclock/in/status -
2026.05.10 01:58:38.868   set /dev8001/system/clocks/referenceclock/source 2
2026.05.10 01:58:38.869   set /dev12001/system/clocks/referenceclock/in/source 2
2026.05.10 01:58:38.869   get /dev8001/system/clocks/referenceclock/freq -
2026.05.10 01:58:38.869   get /dev8001/system/clocks/referenceclock/source -
2026.05.10 01:58:38.869   get /dev8001/system/clocks/referenceclock/status -
2026.05.10 01:58:38.869   get /dev12001/system/clocks/referenceclock/in/freq -
2026.05.10 01:58:38.869   get /dev12001/system/clocks/referenceclock/in/sourceactual -
2026.05.10 01:58:38.869   get /dev12001/system/clocks/referenceclock/in/source -
2026.05.10 01:58:38.869   get /dev12001/system/clocks/referenceclock/in/status -
2026.05.10 01:58:38.869   get /dev8001/system/clocks/sampleclock/freq -
2026.05.10 01:58:38.870   get /dev8001/system/clocks/sampleclock/status -
2026.05.10 01:58:38.870   set /dev8001/sigouts/0/on 0
2026.05.10 01:58:38.870   set /dev8001/sigouts/1/on 0
2026.05.10 01:58:38.870   set /dev8001/sigouts/2/on 0
2026.05.10 01:58:38.870   set /dev8001/sigouts/3/on 0
2026.05.10 01:58:38.870   set /dev8001/sigouts/4/on 0
2026.05.10 01:58:38.870   set /dev8001/sigouts/5/on 0
2026.05.10 01:58:38.870   set /dev8001/sigouts/6/on 0
2026.05.10 01:58:38.870   set /dev8001/sigouts/7/on 0
2026.05.10 01:58:38.870   set /dev8001/system/clocks/sampleclock/freq 2000000000.0
2026.05.10 01:58:38.871   get /dev8001/system/clocks/sampleclock/freq -
2026.05.10 01:58:38.871   get /dev8001/system/clocks/sampleclock/status -
2026.05.10 01:58:38.871   get /dev8001/sigouts/0/on -
2026.05.10 01:58:38.871   get /dev8001/sigouts/0/offset -
2026.05.10 01:58:38.871   set /dev8001/sigouts/0/on 1
2026.05.10 01:58:38.871   set /dev8001/sigouts/0/offset 0.0
2026.05.10 01:58:38.871   get /dev8001/sigouts/0/on -
2026.05.10 01:58:38.871   get /dev8001/sigouts/0/offset -
2026.05.10 01:58:38.871   get /dev10001/zsyncs/0/connection/status -
2026.05.10 01:58:38.871   get /dev10001/zsyncs/1/connection/status -
2026.05.10 01:58:38.872   get /dev10001/zsyncs/2/connection/status -
2026.05.10 01:58:38.872   get /dev10001/zsyncs/3/connection/status -
2026.05.10 01:58:38.872   get /dev10001/zsyncs/4/connection/status -
2026.05.10 01:58:38.872   get /dev10001/zsyncs/5/connection/status -
2026.05.10 01:58:38.872   get /dev10001/zsyncs/6/connection/status -
2026.05.10 01:58:38.872   get /dev10001/zsyncs/7/connection/status -
2026.05.10 01:58:38.872   get /dev10001/zsyncs/8/connection/status -
2026.05.10 01:58:38.872   get /dev10001/zsyncs/9/connection/status -
2026.05.10 01:58:38.872   get /dev10001/zsyncs/10/connection/status -
2026.05.10 01:58:38.872   get /dev10001/zsyncs/11/connection/status -
2026.05.10 01:58:38.873   get /dev10001/zsyncs/12/connection/status -
2026.05.10 01:58:38.873   get /dev10001/zsyncs/13/connection/status -
2026.05.10 01:58:38.873   get /dev10001/zsyncs/14/connection/status -
2026.05.10 01:58:38.873   get /dev10001/zsyncs/15/connection/status -
2026.05.10 01:58:38.873   get /dev10001/zsyncs/16/connection/status -
2026.05.10 01:58:38.873   get /dev10001/zsyncs/17/connection/status -
2026.05.10 01:58:38.873   get /dev10001/zsyncs/0/connection/serial -
2026.05.10 01:58:38.873   get /dev10001/zsyncs/1/connection/serial -
2026.05.10 01:58:38.873   get /dev10001/zsyncs/2/connection/serial -
2026.05.10 01:58:38.873   get /dev10001/zsyncs/3/connection/serial -
2026.05.10 01:58:38.873   get /dev10001/zsyncs/4/connection/serial -
2026.05.10 01:58:38.873   get /dev10001/zsyncs/5/connection/serial -
2026.05.10 01:58:38.874   get /dev10001/zsyncs/6/connection/serial -
2026.05.10 01:58:38.874   get /dev10001/zsyncs/7/connection/serial -
2026.05.10 01:58:38.874   get /dev10001/zsyncs/8/connection/serial -
2026.05.10 01:58:38.874   get /dev10001/zsyncs/9/connection/serial -
2026.05.10 01:58:38.874   get /dev10001/zsyncs/10/connection/serial -
2026.05.10 01:58:38.874   get /dev10001/zsyncs/11/connection/serial -
2026.05.10 01:58:38.874   get /dev10001/zsyncs/12/connection/serial -
2026.05.10 01:58:38.874   get /dev10001/zsyncs/13/connection/serial -
2026.05.10 01:58:38.874   get /dev10001/zsyncs/14/connection/serial -
2026.05.10 01:58:38.874   get /dev10001/zsyncs/15/connection/serial -
2026.05.10 01:58:38.874   get /dev10001/zsyncs/16/connection/serial -
2026.05.10 01:58:38.874   get /dev10001/zsyncs/17/connection/serial -
2026.05.10 01:58:38.880 Node log from the data server with id 'zi_server':
2026.05.10 01:58:38.880   set /dev8001/awgs/*/pipeliner/reset 1
2026.05.10 01:58:38.880   set /dev8001/awgs/*/pipeliner/mode 0
2026.05.10 01:58:38.880   set /dev8001/awgs/*/synchronization/enable 0
2026.05.10 01:58:38.881   set /dev12001/qachannels/*/pipeliner/reset 1
2026.05.10 01:58:38.881   set /dev12001/qachannels/*/pipeliner/mode 0
2026.05.10 01:58:38.881   set /dev12001/qachannels/*/synchronization/enable 0
2026.05.10 01:58:38.881   set /dev12001/sgchannels/*/pipeliner/reset 1
2026.05.10 01:58:38.881   set /dev12001/sgchannels/*/pipeliner/mode 0
2026.05.10 01:58:38.881   set /dev12001/sgchannels/*/synchronization/enable 0
2026.05.10 01:58:38.881   set /dev10001/execution/synchronization/enable 0
2026.05.10 01:58:38.881   set /dev8001/awgs/*/enable 0
2026.05.10 01:58:38.881   set /dev8001/system/synchronization/source 0
2026.05.10 01:58:38.881   set /dev12001/qachannels/*/generator/enable 0
2026.05.10 01:58:38.881   set /dev12001/system/synchronization/source 0
2026.05.10 01:58:38.882   set /dev12001/system/internaltrigger/synchronization/enable 0
2026.05.10 01:58:38.882   set /dev12001/qachannels/*/readout/result/enable 0
2026.05.10 01:58:38.882   set /dev12001/qachannels/*/spectroscopy/psd/enable 0
2026.05.10 01:58:38.882   set /dev12001/qachannels/*/spectroscopy/result/enable 0
2026.05.10 01:58:38.882   set /dev12001/qachannels/*/output/rflfinterlock 1
2026.05.10 01:58:38.882   set /dev12001/qachannels/*/oscs/*/gain 1.0
2026.05.10 01:58:38.882   set /dev12001/scopes/0/enable 0
2026.05.10 01:58:38.882   set /dev12001/scopes/0/channels/*/enable 0
2026.05.10 01:58:38.882   set /dev12001/sgchannels/*/awg/enable 0
2026.05.10 01:58:47.450 Node log from the data server with id 'zi_server':
2026.05.10 01:58:47.450   get /dev8001/raw/system/awg/runtimechecks/enable -
2026.05.10 01:58:47.451   get /dev12001/raw/system/awg/runtimechecks/enable -
2026.05.10 01:58:47.451   get /dev8001/raw/system/awg/runtimechecks/enable -
2026.05.10 01:58:47.451   get /dev12001/raw/system/awg/runtimechecks/enable -
2026.05.10 01:58:47.451   get /dev10001/system/clocks/referenceclock/in/freq -
2026.05.10 01:58:47.451   get /dev10001/system/clocks/referenceclock/in/sourceactual -
2026.05.10 01:58:47.451   get /dev10001/system/clocks/referenceclock/in/source -
2026.05.10 01:58:47.451   get /dev10001/system/clocks/referenceclock/in/status -
2026.05.10 01:58:47.451   get /dev10001/system/clocks/referenceclock/in/freq -
2026.05.10 01:58:47.451   get /dev10001/system/clocks/referenceclock/in/sourceactual -
2026.05.10 01:58:47.452   get /dev10001/system/clocks/referenceclock/in/source -
2026.05.10 01:58:47.452   get /dev10001/system/clocks/referenceclock/in/status -
2026.05.10 01:58:47.452   get /dev8001/system/clocks/referenceclock/freq -
2026.05.10 01:58:47.452   get /dev8001/system/clocks/referenceclock/source -
2026.05.10 01:58:47.452   get /dev8001/system/clocks/referenceclock/status -
2026.05.10 01:58:47.452   get /dev12001/system/clocks/referenceclock/in/freq -
2026.05.10 01:58:47.452   get /dev12001/system/clocks/referenceclock/in/sourceactual -
2026.05.10 01:58:47.452   get /dev12001/system/clocks/referenceclock/in/source -
2026.05.10 01:58:47.452   get /dev12001/system/clocks/referenceclock/in/status -
2026.05.10 01:58:47.452   set /dev8001/system/clocks/referenceclock/source 2
2026.05.10 01:58:47.453   set /dev12001/system/clocks/referenceclock/in/source 2
2026.05.10 01:58:47.453   get /dev8001/system/clocks/referenceclock/freq -
2026.05.10 01:58:47.453   get /dev8001/system/clocks/referenceclock/source -
2026.05.10 01:58:47.453   get /dev8001/system/clocks/referenceclock/status -
2026.05.10 01:58:47.453   get /dev12001/system/clocks/referenceclock/in/freq -
2026.05.10 01:58:47.453   get /dev12001/system/clocks/referenceclock/in/sourceactual -
2026.05.10 01:58:47.453   get /dev12001/system/clocks/referenceclock/in/source -
2026.05.10 01:58:47.453   get /dev12001/system/clocks/referenceclock/in/status -
2026.05.10 01:58:47.453   get /dev8001/system/clocks/sampleclock/freq -
2026.05.10 01:58:47.454   get /dev8001/system/clocks/sampleclock/status -
2026.05.10 01:58:47.454   set /dev8001/sigouts/0/on 0
2026.05.10 01:58:47.454   set /dev8001/sigouts/1/on 0
2026.05.10 01:58:47.454   set /dev8001/sigouts/2/on 0
2026.05.10 01:58:47.454   set /dev8001/sigouts/3/on 0
2026.05.10 01:58:47.454   set /dev8001/sigouts/4/on 0
2026.05.10 01:58:47.454   set /dev8001/sigouts/5/on 0
2026.05.10 01:58:47.454   set /dev8001/sigouts/6/on 0
2026.05.10 01:58:47.454   set /dev8001/sigouts/7/on 0
2026.05.10 01:58:47.454   set /dev8001/system/clocks/sampleclock/freq 2000000000.0
2026.05.10 01:58:47.454   get /dev8001/system/clocks/sampleclock/freq -
2026.05.10 01:58:47.455   get /dev8001/system/clocks/sampleclock/status -
2026.05.10 01:58:47.455   get /dev8001/sigouts/0/on -
2026.05.10 01:58:47.455   get /dev8001/sigouts/0/offset -
2026.05.10 01:58:47.455   set /dev8001/sigouts/0/on 1
2026.05.10 01:58:47.455   set /dev8001/sigouts/0/offset 0.0
2026.05.10 01:58:47.455   get /dev8001/sigouts/0/on -
2026.05.10 01:58:47.455   get /dev8001/sigouts/0/offset -
2026.05.10 01:58:47.455   get /dev10001/zsyncs/0/connection/status -
2026.05.10 01:58:47.455   get /dev10001/zsyncs/1/connection/status -
2026.05.10 01:58:47.455   get /dev10001/zsyncs/2/connection/status -
2026.05.10 01:58:47.456   get /dev10001/zsyncs/3/connection/status -
2026.05.10 01:58:47.456   get /dev10001/zsyncs/4/connection/status -
2026.05.10 01:58:47.456   get /dev10001/zsyncs/5/connection/status -
2026.05.10 01:58:47.456   get /dev10001/zsyncs/6/connection/status -
2026.05.10 01:58:47.456   get /dev10001/zsyncs/7/connection/status -
2026.05.10 01:58:47.456   get /dev10001/zsyncs/8/connection/status -
2026.05.10 01:58:47.456   get /dev10001/zsyncs/9/connection/status -
2026.05.10 01:58:47.456   get /dev10001/zsyncs/10/connection/status -
2026.05.10 01:58:47.456   get /dev10001/zsyncs/11/connection/status -
2026.05.10 01:58:47.456   get /dev10001/zsyncs/12/connection/status -
2026.05.10 01:58:47.456   get /dev10001/zsyncs/13/connection/status -
2026.05.10 01:58:47.457   get /dev10001/zsyncs/14/connection/status -
2026.05.10 01:58:47.457   get /dev10001/zsyncs/15/connection/status -
2026.05.10 01:58:47.457   get /dev10001/zsyncs/16/connection/status -
2026.05.10 01:58:47.457   get /dev10001/zsyncs/17/connection/status -
2026.05.10 01:58:47.457   get /dev10001/zsyncs/0/connection/serial -
2026.05.10 01:58:47.457   get /dev10001/zsyncs/1/connection/serial -
2026.05.10 01:58:47.457   get /dev10001/zsyncs/2/connection/serial -
2026.05.10 01:58:47.457   get /dev10001/zsyncs/3/connection/serial -
2026.05.10 01:58:47.457   get /dev10001/zsyncs/4/connection/serial -
2026.05.10 01:58:47.457   get /dev10001/zsyncs/5/connection/serial -
2026.05.10 01:58:47.457   get /dev10001/zsyncs/6/connection/serial -
2026.05.10 01:58:47.457   get /dev10001/zsyncs/7/connection/serial -
2026.05.10 01:58:47.457   get /dev10001/zsyncs/8/connection/serial -
2026.05.10 01:58:47.458   get /dev10001/zsyncs/9/connection/serial -
2026.05.10 01:58:47.458   get /dev10001/zsyncs/10/connection/serial -
2026.05.10 01:58:47.458   get /dev10001/zsyncs/11/connection/serial -
2026.05.10 01:58:47.458   get /dev10001/zsyncs/12/connection/serial -
2026.05.10 01:58:47.458   get /dev10001/zsyncs/13/connection/serial -
2026.05.10 01:58:47.458   get /dev10001/zsyncs/14/connection/serial -
2026.05.10 01:58:47.458   get /dev10001/zsyncs/15/connection/serial -
2026.05.10 01:58:47.458   get /dev10001/zsyncs/16/connection/serial -
2026.05.10 01:58:47.458   get /dev10001/zsyncs/17/connection/serial -
2026.05.10 01:58:47.463 Node log from the data server with id 'zi_server':
2026.05.10 01:58:47.464   set /dev8001/awgs/*/pipeliner/reset 1
2026.05.10 01:58:47.464   set /dev8001/awgs/*/pipeliner/mode 0
2026.05.10 01:58:47.464   set /dev8001/awgs/*/synchronization/enable 0
2026.05.10 01:58:47.464   set /dev12001/qachannels/*/pipeliner/reset 1
2026.05.10 01:58:47.464   set /dev12001/qachannels/*/pipeliner/mode 0
2026.05.10 01:58:47.464   set /dev12001/qachannels/*/synchronization/enable 0
2026.05.10 01:58:47.464   set /dev12001/sgchannels/*/pipeliner/reset 1
2026.05.10 01:58:47.464   set /dev12001/sgchannels/*/pipeliner/mode 0
2026.05.10 01:58:47.464   set /dev12001/sgchannels/*/synchronization/enable 0
2026.05.10 01:58:47.464   set /dev10001/execution/synchronization/enable 0
2026.05.10 01:58:47.464   set /dev8001/awgs/*/enable 0
2026.05.10 01:58:47.465   set /dev8001/system/synchronization/source 0
2026.05.10 01:58:47.465   set /dev12001/qachannels/*/generator/enable 0
2026.05.10 01:58:47.465   set /dev12001/system/synchronization/source 0
2026.05.10 01:58:47.465   set /dev12001/system/internaltrigger/synchronization/enable 0
2026.05.10 01:58:47.465   set /dev12001/qachannels/*/readout/result/enable 0
2026.05.10 01:58:47.465   set /dev12001/qachannels/*/spectroscopy/psd/enable 0
2026.05.10 01:58:47.465   set /dev12001/qachannels/*/spectroscopy/result/enable 0
2026.05.10 01:58:47.465   set /dev12001/qachannels/*/output/rflfinterlock 1
2026.05.10 01:58:47.465   set /dev12001/qachannels/*/oscs/*/gain 1.0
2026.05.10 01:58:47.465   set /dev12001/scopes/0/enable 0
2026.05.10 01:58:47.465   set /dev12001/scopes/0/channels/*/enable 0
2026.05.10 01:58:47.465   set /dev12001/sgchannels/*/awg/enable 0
2026.05.10 01:58:56.671 Node log from the data server with id 'zi_server':
2026.05.10 01:58:56.672   get /dev8001/raw/system/awg/runtimechecks/enable -
2026.05.10 01:58:56.672   get /dev12001/raw/system/awg/runtimechecks/enable -
2026.05.10 01:58:56.672   get /dev8001/raw/system/awg/runtimechecks/enable -
2026.05.10 01:58:56.672   get /dev12001/raw/system/awg/runtimechecks/enable -
2026.05.10 01:58:56.672   get /dev10001/system/clocks/referenceclock/in/freq -
2026.05.10 01:58:56.672   get /dev10001/system/clocks/referenceclock/in/sourceactual -
2026.05.10 01:58:56.672   get /dev10001/system/clocks/referenceclock/in/source -
2026.05.10 01:58:56.672   get /dev10001/system/clocks/referenceclock/in/status -
2026.05.10 01:58:56.672   get /dev10001/system/clocks/referenceclock/in/freq -
2026.05.10 01:58:56.673   get /dev10001/system/clocks/referenceclock/in/sourceactual -
2026.05.10 01:58:56.673   get /dev10001/system/clocks/referenceclock/in/source -
2026.05.10 01:58:56.673   get /dev10001/system/clocks/referenceclock/in/status -
2026.05.10 01:58:56.673   get /dev8001/system/clocks/referenceclock/freq -
2026.05.10 01:58:56.673   get /dev8001/system/clocks/referenceclock/source -
2026.05.10 01:58:56.673   get /dev8001/system/clocks/referenceclock/status -
2026.05.10 01:58:56.673   get /dev12001/system/clocks/referenceclock/in/freq -
2026.05.10 01:58:56.673   get /dev12001/system/clocks/referenceclock/in/sourceactual -
2026.05.10 01:58:56.673   get /dev12001/system/clocks/referenceclock/in/source -
2026.05.10 01:58:56.674   get /dev12001/system/clocks/referenceclock/in/status -
2026.05.10 01:58:56.674   set /dev8001/system/clocks/referenceclock/source 2
2026.05.10 01:58:56.674   set /dev12001/system/clocks/referenceclock/in/source 2
2026.05.10 01:58:56.674   get /dev8001/system/clocks/referenceclock/freq -
2026.05.10 01:58:56.674   get /dev8001/system/clocks/referenceclock/source -
2026.05.10 01:58:56.674   get /dev8001/system/clocks/referenceclock/status -
2026.05.10 01:58:56.674   get /dev12001/system/clocks/referenceclock/in/freq -
2026.05.10 01:58:56.674   get /dev12001/system/clocks/referenceclock/in/sourceactual -
2026.05.10 01:58:56.674   get /dev12001/system/clocks/referenceclock/in/source -
2026.05.10 01:58:56.674   get /dev12001/system/clocks/referenceclock/in/status -
2026.05.10 01:58:56.675   get /dev8001/system/clocks/sampleclock/freq -
2026.05.10 01:58:56.675   get /dev8001/system/clocks/sampleclock/status -
2026.05.10 01:58:56.675   set /dev8001/sigouts/0/on 0
2026.05.10 01:58:56.675   set /dev8001/sigouts/1/on 0
2026.05.10 01:58:56.675   set /dev8001/sigouts/2/on 0
2026.05.10 01:58:56.675   set /dev8001/sigouts/3/on 0
2026.05.10 01:58:56.675   set /dev8001/sigouts/4/on 0
2026.05.10 01:58:56.675   set /dev8001/sigouts/5/on 0
2026.05.10 01:58:56.675   set /dev8001/sigouts/6/on 0
2026.05.10 01:58:56.675   set /dev8001/sigouts/7/on 0
2026.05.10 01:58:56.676   set /dev8001/system/clocks/sampleclock/freq 2000000000.0
2026.05.10 01:58:56.676   get /dev8001/system/clocks/sampleclock/freq -
2026.05.10 01:58:56.676   get /dev8001/system/clocks/sampleclock/status -
2026.05.10 01:58:56.676   get /dev8001/sigouts/0/on -
2026.05.10 01:58:56.676   get /dev8001/sigouts/0/offset -
2026.05.10 01:58:56.676   set /dev8001/sigouts/0/on 1
2026.05.10 01:58:56.676   set /dev8001/sigouts/0/offset 0.0
2026.05.10 01:58:56.676   get /dev8001/sigouts/0/on -
2026.05.10 01:58:56.676   get /dev8001/sigouts/0/offset -
2026.05.10 01:58:56.676   get /dev10001/zsyncs/0/connection/status -
2026.05.10 01:58:56.676   get /dev10001/zsyncs/1/connection/status -
2026.05.10 01:58:56.677   get /dev10001/zsyncs/2/connection/status -
2026.05.10 01:58:56.677   get /dev10001/zsyncs/3/connection/status -
2026.05.10 01:58:56.677   get /dev10001/zsyncs/4/connection/status -
2026.05.10 01:58:56.677   get /dev10001/zsyncs/5/connection/status -
2026.05.10 01:58:56.677   get /dev10001/zsyncs/6/connection/status -
2026.05.10 01:58:56.677   get /dev10001/zsyncs/7/connection/status -
2026.05.10 01:58:56.677   get /dev10001/zsyncs/8/connection/status -
2026.05.10 01:58:56.677   get /dev10001/zsyncs/9/connection/status -
2026.05.10 01:58:56.677   get /dev10001/zsyncs/10/connection/status -
2026.05.10 01:58:56.677   get /dev10001/zsyncs/11/connection/status -
2026.05.10 01:58:56.678   get /dev10001/zsyncs/12/connection/status -
2026.05.10 01:58:56.678   get /dev10001/zsyncs/13/connection/status -
2026.05.10 01:58:56.678   get /dev10001/zsyncs/14/connection/status -
2026.05.10 01:58:56.678   get /dev10001/zsyncs/15/connection/status -
2026.05.10 01:58:56.678   get /dev10001/zsyncs/16/connection/status -
2026.05.10 01:58:56.678   get /dev10001/zsyncs/17/connection/status -
2026.05.10 01:58:56.678   get /dev10001/zsyncs/0/connection/serial -
2026.05.10 01:58:56.678   get /dev10001/zsyncs/1/connection/serial -
2026.05.10 01:58:56.678   get /dev10001/zsyncs/2/connection/serial -
2026.05.10 01:58:56.678   get /dev10001/zsyncs/3/connection/serial -
2026.05.10 01:58:56.679   get /dev10001/zsyncs/4/connection/serial -
2026.05.10 01:58:56.679   get /dev10001/zsyncs/5/connection/serial -
2026.05.10 01:58:56.679   get /dev10001/zsyncs/6/connection/serial -
2026.05.10 01:58:56.679   get /dev10001/zsyncs/7/connection/serial -
2026.05.10 01:58:56.679   get /dev10001/zsyncs/8/connection/serial -
2026.05.10 01:58:56.679   get /dev10001/zsyncs/9/connection/serial -
2026.05.10 01:58:56.679   get /dev10001/zsyncs/10/connection/serial -
2026.05.10 01:58:56.679   get /dev10001/zsyncs/11/connection/serial -
2026.05.10 01:58:56.679   get /dev10001/zsyncs/12/connection/serial -
2026.05.10 01:58:56.679   get /dev10001/zsyncs/13/connection/serial -
2026.05.10 01:58:56.680   get /dev10001/zsyncs/14/connection/serial -
2026.05.10 01:58:56.680   get /dev10001/zsyncs/15/connection/serial -
2026.05.10 01:58:56.680   get /dev10001/zsyncs/16/connection/serial -
2026.05.10 01:58:56.680   get /dev10001/zsyncs/17/connection/serial -
2026.05.10 01:58:56.686 Node log from the data server with id 'zi_server':
2026.05.10 01:58:56.686   set /dev8001/awgs/*/pipeliner/reset 1
2026.05.10 01:58:56.686   set /dev8001/awgs/*/pipeliner/mode 0
2026.05.10 01:58:56.686   set /dev8001/awgs/*/synchronization/enable 0
2026.05.10 01:58:56.686   set /dev12001/qachannels/*/pipeliner/reset 1
2026.05.10 01:58:56.686   set /dev12001/qachannels/*/pipeliner/mode 0
2026.05.10 01:58:56.686   set /dev12001/qachannels/*/synchronization/enable 0
2026.05.10 01:58:56.686   set /dev12001/sgchannels/*/pipeliner/reset 1
2026.05.10 01:58:56.686   set /dev12001/sgchannels/*/pipeliner/mode 0
2026.05.10 01:58:56.687   set /dev12001/sgchannels/*/synchronization/enable 0
2026.05.10 01:58:56.687   set /dev10001/execution/synchronization/enable 0
2026.05.10 01:58:56.687   set /dev8001/awgs/*/enable 0
2026.05.10 01:58:56.687   set /dev8001/system/synchronization/source 0
2026.05.10 01:58:56.687   set /dev12001/qachannels/*/generator/enable 0
2026.05.10 01:58:56.687   set /dev12001/system/synchronization/source 0
2026.05.10 01:58:56.687   set /dev12001/system/internaltrigger/synchronization/enable 0
2026.05.10 01:58:56.687   set /dev12001/qachannels/*/readout/result/enable 0
2026.05.10 01:58:56.687   set /dev12001/qachannels/*/spectroscopy/psd/enable 0
2026.05.10 01:58:56.687   set /dev12001/qachannels/*/spectroscopy/result/enable 0
2026.05.10 01:58:56.687   set /dev12001/qachannels/*/output/rflfinterlock 1
2026.05.10 01:58:56.688   set /dev12001/qachannels/*/oscs/*/gain 1.0
2026.05.10 01:58:56.688   set /dev12001/scopes/0/enable 0
2026.05.10 01:58:56.688   set /dev12001/scopes/0/channels/*/enable 0
2026.05.10 01:58:56.688   set /dev12001/sgchannels/*/awg/enable 0
