Job started: Sun May 10 01:20:41 AM CEST 2026
Running on node: eu-a2p-416
Tasks allocated: 56
Starting dataset generation...
[1/3] Compiling LabOne Q waveforms (one-time)...
[2026.05.10 01:20:52.537] INFO    Logging initialized from [Default inline config in laboneq.laboneq_logging] logdir is /cluster/home/fiwagner/QHackathon/laboneq_output/log
[2026.05.10 01:20:52.540] INFO    VERSION: laboneq 26.4.0
[2026.05.10 01:20:52.541] INFO    Connecting to data server at localhost:8004
[2026.05.10 01:20:52.542] INFO    Connected to Zurich Instruments LabOne Data Server version 26.04.0.940 at localhost:8004
[2026.05.10 01:20:52.546] INFO    Configuring the device setup
[2026.05.10 01:20:52.576] INFO    The device setup is configured
[2026.05.10 01:20:52.601] INFO    Starting LabOne Q Compiler run...
[2026.05.10 01:20:52.608] INFO    Schedule completed. [0.001 s]
[2026.05.10 01:20:52.629] INFO    Code generation completed for all AWGs. [0.021 s]
[2026.05.10 01:20:52.629] INFO    Completed compilation step 1 of 1. [0.022 s]
[2026.05.10 01:20:52.639] INFO     ──────────────────────────────────────────────────────────────── 
[2026.05.10 01:20:52.639] INFO      Device       AWG   SeqC LOC   CT entries   Waveforms   Samples  
[2026.05.10 01:20:52.639] INFO     ──────────────────────────────────────────────────────────────── 
[2026.05.10 01:20:52.639] INFO      shfqc_0_sg     0          9            2           1      8000  
[2026.05.10 01:20:52.639] INFO     ──────────────────────────────────────────────────────────────── 
[2026.05.10 01:20:52.639] INFO      TOTAL                     9            2                  8000  
[2026.05.10 01:20:52.639] INFO     ──────────────────────────────────────────────────────────────── 
[2026.05.10 01:20:52.685] INFO    Finished LabOne Q Compiler run.
[2026.05.10 01:20:52.690] INFO    Starting LabOne Q Compiler run...
[2026.05.10 01:20:52.690] INFO    Schedule completed. [0.000 s]
[2026.05.10 01:20:52.691] INFO    Code generation completed for all AWGs. [0.001 s]
[2026.05.10 01:20:52.691] INFO    Completed compilation step 1 of 1. [0.001 s]
[2026.05.10 01:20:52.695] INFO     ──────────────────────────────────────────────────────────────── 
[2026.05.10 01:20:52.695] INFO      Device       AWG   SeqC LOC   CT entries   Waveforms   Samples  
[2026.05.10 01:20:52.695] INFO     ──────────────────────────────────────────────────────────────── 
[2026.05.10 01:20:52.695] INFO      shfqc_0_sg     0          9            2           1       416  
[2026.05.10 01:20:52.695] INFO     ──────────────────────────────────────────────────────────────── 
[2026.05.10 01:20:52.695] INFO      TOTAL                     9            2                   416  
[2026.05.10 01:20:52.695] INFO     ──────────────────────────────────────────────────────────────── 
[2026.05.10 01:20:52.700] INFO    Finished LabOne Q Compiler run.
[2026.05.10 01:20:52.703] INFO    Disconnecting from all devices and servers...
[2026.05.10 01:20:52.703] INFO    Successfully disconnected from all devices and servers.
      done in 4.0s — spec wave len=4000, gauss wave len=200
[2/3] Simulating 10000 qubits across 56 workers...
        500/10000    17.3 qubits/s   ETA  548.2s
       1000/10000    18.3 qubits/s   ETA  491.1s
       1500/10000    18.2 qubits/s   ETA  467.1s
       2000/10000    18.1 qubits/s   ETA  442.1s
       2500/10000    18.0 qubits/s   ETA  416.6s
       3000/10000    17.9 qubits/s   ETA  390.3s
       3500/10000    17.9 qubits/s   ETA  362.8s
       4000/10000    17.9 qubits/s   ETA  335.1s
       4500/10000    17.9 qubits/s   ETA  307.7s
       5000/10000    17.9 qubits/s   ETA  280.0s
       5500/10000    17.9 qubits/s   ETA  251.8s
       6000/10000    18.0 qubits/s   ETA  222.6s
       6500/10000    18.0 qubits/s   ETA  194.0s
       7000/10000    18.1 qubits/s   ETA  165.9s
       7500/10000    18.0 qubits/s   ETA  138.6s
       8000/10000    18.0 qubits/s   ETA  111.0s
       8500/10000    18.0 qubits/s   ETA   83.4s
       9000/10000    18.0 qubits/s   ETA   55.6s
       9500/10000    18.0 qubits/s   ETA   27.9s
      10000/10000    17.9 qubits/s   ETA    0.0s
      done in 558.7s
[3/3] Saving to dataset_10k_v2.npz ...

  features shape: (10000, 55)  (dtype=float32)
  labels   shape: (10000, 4)   (dtype=float64)

  Label statistics (post-generation sanity check):
    f_q [GHz]  mean=5.4958  std=0.2875  min=5.0001  max=5.9999
    T1 [µs]   mean=30.1022  std=5.7837  min=20.0027  max=39.9997
    T2 [µs]   mean=20.0435  std=2.8748  min=15.0004  max=24.9999
    amp_pi    mean=0.6297  std=0.0364  min=0.5701  max=0.6966
Dataset generation finished: Sun May 10 01:30:12 AM CEST 2026
SUCCESS: dataset_10k_v2.npz created
-rw-r--r-- 1 fiwagner fiwagner-group 740K May 10 01:30 dataset_10k_v2.npz
