Job started: Sun May 10 12:46:56 AM CEST 2026
Running on node: eu-a2p-423
Tasks allocated: 56
Starting dataset generation...
[1/3] Compiling LabOne Q waveforms (one-time)...
[2026.05.10 00:47:07.761] INFO    Logging initialized from [Default inline config in laboneq.laboneq_logging] logdir is /cluster/home/fiwagner/QHackathon/laboneq_output/log
[2026.05.10 00:47:07.764] INFO    VERSION: laboneq 26.4.0
[2026.05.10 00:47:07.765] INFO    Connecting to data server at localhost:8004
[2026.05.10 00:47:07.767] INFO    Connected to Zurich Instruments LabOne Data Server version 26.04.0.940 at localhost:8004
[2026.05.10 00:47:07.770] INFO    Configuring the device setup
[2026.05.10 00:47:07.799] INFO    The device setup is configured
[2026.05.10 00:47:07.822] INFO    Starting LabOne Q Compiler run...
[2026.05.10 00:47:07.839] INFO    Schedule completed. [0.001 s]
[2026.05.10 00:47:07.863] INFO    Code generation completed for all AWGs. [0.024 s]
[2026.05.10 00:47:07.863] INFO    Completed compilation step 1 of 1. [0.026 s]
[2026.05.10 00:47:07.872] INFO     ──────────────────────────────────────────────────────────────── 
[2026.05.10 00:47:07.872] INFO      Device       AWG   SeqC LOC   CT entries   Waveforms   Samples  
[2026.05.10 00:47:07.872] INFO     ──────────────────────────────────────────────────────────────── 
[2026.05.10 00:47:07.872] INFO      shfqc_0_sg     0          9            2           1      8000  
[2026.05.10 00:47:07.872] INFO     ──────────────────────────────────────────────────────────────── 
[2026.05.10 00:47:07.872] INFO      TOTAL                     9            2                  8000  
[2026.05.10 00:47:07.872] INFO     ──────────────────────────────────────────────────────────────── 
[2026.05.10 00:47:07.938] INFO    Finished LabOne Q Compiler run.
[2026.05.10 00:47:07.943] INFO    Starting LabOne Q Compiler run...
[2026.05.10 00:47:07.944] INFO    Schedule completed. [0.000 s]
[2026.05.10 00:47:07.944] INFO    Code generation completed for all AWGs. [0.001 s]
[2026.05.10 00:47:07.944] INFO    Completed compilation step 1 of 1. [0.001 s]
[2026.05.10 00:47:07.949] INFO     ──────────────────────────────────────────────────────────────── 
[2026.05.10 00:47:07.949] INFO      Device       AWG   SeqC LOC   CT entries   Waveforms   Samples  
[2026.05.10 00:47:07.949] INFO     ──────────────────────────────────────────────────────────────── 
[2026.05.10 00:47:07.949] INFO      shfqc_0_sg     0          9            2           1       416  
[2026.05.10 00:47:07.949] INFO     ──────────────────────────────────────────────────────────────── 
[2026.05.10 00:47:07.949] INFO      TOTAL                     9            2                   416  
[2026.05.10 00:47:07.949] INFO     ──────────────────────────────────────────────────────────────── 
[2026.05.10 00:47:07.954] INFO    Finished LabOne Q Compiler run.
[2026.05.10 00:47:07.956] INFO    Disconnecting from all devices and servers...
[2026.05.10 00:47:07.956] INFO    Successfully disconnected from all devices and servers.
      done in 4.0s — spec wave len=4000, gauss wave len=200
[2/3] Simulating 10000 qubits across 56 workers...
        500/10000    17.2 qubits/s   ETA  552.8s
       1000/10000    18.1 qubits/s   ETA  496.3s
       1500/10000    18.3 qubits/s   ETA  463.4s
       2000/10000    18.5 qubits/s   ETA  431.5s
       2500/10000    18.6 qubits/s   ETA  403.3s
       3000/10000    18.6 qubits/s   ETA  375.6s
       3500/10000    18.7 qubits/s   ETA  347.8s
       4000/10000    18.7 qubits/s   ETA  320.2s
       4500/10000    18.7 qubits/s   ETA  293.5s
       5000/10000    18.8 qubits/s   ETA  266.3s
       5500/10000    18.8 qubits/s   ETA  239.5s
       6000/10000    18.8 qubits/s   ETA  212.8s
       6500/10000    18.8 qubits/s   ETA  186.3s
       7000/10000    18.8 qubits/s   ETA  159.6s
       7500/10000    18.8 qubits/s   ETA  133.0s
       8000/10000    18.8 qubits/s   ETA  106.4s
       8500/10000    18.8 qubits/s   ETA   79.8s
       9000/10000    18.8 qubits/s   ETA   53.1s
       9500/10000    18.8 qubits/s   ETA   26.6s
      10000/10000    18.8 qubits/s   ETA    0.0s
      done in 532.0s
[3/3] Saving to dataset_10k.npz ...

  features shape: (10000, 45)  (dtype=float32)
  labels   shape: (10000, 4)   (dtype=float64)

  Label statistics (post-generation sanity check):
    f_q [GHz]  mean=5.4958  std=0.2875  min=5.0001  max=5.9999
    T1 [µs]   mean=30.1022  std=5.7837  min=20.0027  max=39.9997
    T2 [µs]   mean=20.0435  std=2.8748  min=15.0004  max=24.9999
    amp_pi    mean=0.6297  std=0.0364  min=0.5701  max=0.6966
Dataset generation finished: Sun May 10 12:56:00 AM CEST 2026
SUCCESS: dataset_10k.npz created
-rw-r--r-- 1 fiwagner fiwagner-group 661K May 10 00:56 dataset_10k.npz
